
--- NEW ENGINE RUN: 2026-01-14 15:29:32 (Target: ì„œìš¸ ê°•ë‚¨êµ¬, Count: 5) ---
2026-01-14 15:29:35,191 - INFO - \U0001f680 CLI Triggered: Searching for '¼­¿ï °­³²±¸ ÇÇºÎ°ü¸®¼¥' (Target: 5)
2026-01-14 15:29:37,280 - INFO - \U0001f50d Searching: ¼­¿ï °­³²±¸ ÇÇºÎ°ü¸®¼¥
2026-01-14 15:29:49,783 - INFO - \U0001f4f8 Saved debug_search_results.png
2026-01-14 15:29:49,825 - WARNING - \u26a0\ufe0f No specific items found. Using broad div/li search.
2026-01-14 15:29:49,825 - INFO - Phase 1: Found 11 potential items.
2026-01-14 15:29:49,970 - INFO - Phase 1 Complete. Collected 0 shops. Starting Phase 2 (Details)...
2026-01-14 15:29:49,970 - INFO - \u2705 Finished. Total with details saved: 0
2026-01-14 15:29:50,094 - INFO - \u2705 All Done. Total saved: 0

--- NEW ENGINE RUN: 2026-01-14 15:53:50 (Target: ì¸ì²œ ì„œêµ¬, Count: 10) ---

--- NEW ENGINE RUN: 2026-01-14 15:55:22 (Target: ì¸ì²œ ì„œêµ¬, Count: 10) ---

--- NEW ENGINE RUN: 2026-01-14 16:16:00 (Target: ì¸ì²œ ì„œêµ¬, Count: 10) ---

--- NEW ENGINE RUN: 2026-01-14 16:16:01 (Target: ì¸ì²œ ì„œêµ¬, Count: 10) ---

--- NEW ENGINE RUN: 2026-01-14 16:29:20 (Target: ì¸ì²œ ì„œêµ¬, Count: 10) ---
2026-01-14 16:29:33,586 - INFO - ğŸ” Searching: ì¸ì²œ ì„œêµ¬ í”¼ë¶€ê´€ë¦¬ìƒµ
2026-01-14 16:30:03,350 - INFO - Found 100 list items (potential shops).
2026-01-14 16:30:03,488 - INFO - Firebase Firestore initialized successfully
2026-01-14 16:30:05,019 - INFO - Successfully saved shop to Firebase: ì´ë¯¸ì§€ìˆ˜8
2026-01-14 16:30:05,019 - INFO - âœ… Firebase Saved: ì´ë¯¸ì§€ìˆ˜8
2026-01-14 16:30:05,020 - INFO - Progress: 1/10
2026-01-14 16:30:05,104 - INFO - Firebase Firestore initialized successfully
2026-01-14 16:30:05,215 - INFO - Successfully saved shop to Firebase: ì´ë¯¸ì§€ìˆ˜31
2026-01-14 16:30:05,215 - INFO - âœ… Firebase Saved: ì´ë¯¸ì§€ìˆ˜31
2026-01-14 16:30:05,215 - INFO - Progress: 2/10
2026-01-14 16:30:05,303 - INFO - Firebase Firestore initialized successfully
2026-01-14 16:30:05,408 - INFO - Successfully saved shop to Firebase: ì´ë¯¸ì§€ìˆ˜48
2026-01-14 16:30:05,408 - INFO - âœ… Firebase Saved: ì´ë¯¸ì§€ìˆ˜48
2026-01-14 16:30:05,408 - INFO - Progress: 3/10
2026-01-14 16:30:05,492 - INFO - Firebase Firestore initialized successfully
2026-01-14 16:30:05,596 - INFO - Successfully saved shop to Firebase: ì´ë¯¸ì§€ìˆ˜70
2026-01-14 16:30:05,596 - INFO - âœ… Firebase Saved: ì´ë¯¸ì§€ìˆ˜70
2026-01-14 16:30:05,597 - INFO - Progress: 4/10
2026-01-14 16:30:05,676 - INFO - Firebase Firestore initialized successfully
2026-01-14 16:30:05,768 - INFO - Successfully saved shop to Firebase: ì´ë¯¸ì§€ìˆ˜87
2026-01-14 16:30:05,768 - INFO - âœ… Firebase Saved: ì´ë¯¸ì§€ìˆ˜87
2026-01-14 16:30:05,768 - INFO - Progress: 5/10
2026-01-14 16:30:05,853 - INFO - Firebase Firestore initialized successfully
2026-01-14 16:30:05,955 - INFO - Successfully saved shop to Firebase: ì´ë¯¸ì§€ìˆ˜44
2026-01-14 16:30:05,955 - INFO - âœ… Firebase Saved: ì´ë¯¸ì§€ìˆ˜44
2026-01-14 16:30:05,955 - INFO - Progress: 6/10
2026-01-14 16:30:06,042 - INFO - Firebase Firestore initialized successfully
2026-01-14 16:30:06,143 - INFO - Successfully saved shop to Firebase: ì´ë¯¸ì§€ìˆ˜46
2026-01-14 16:30:06,143 - INFO - âœ… Firebase Saved: ì´ë¯¸ì§€ìˆ˜46
2026-01-14 16:30:06,143 - INFO - Progress: 7/10
2026-01-14 16:30:06,246 - INFO - Firebase Firestore initialized successfully
2026-01-14 16:30:06,336 - INFO - Successfully saved shop to Firebase: ì´ë¯¸ì§€ìˆ˜40
2026-01-14 16:30:06,336 - INFO - âœ… Firebase Saved: ì´ë¯¸ì§€ìˆ˜40
2026-01-14 16:30:06,336 - INFO - Progress: 8/10
2026-01-14 16:30:06,433 - INFO - Firebase Firestore initialized successfully
2026-01-14 16:30:06,531 - INFO - Successfully saved shop to Firebase: ì´ë¯¸ì§€ìˆ˜33
2026-01-14 16:30:06,531 - INFO - âœ… Firebase Saved: ì´ë¯¸ì§€ìˆ˜33
2026-01-14 16:30:06,531 - INFO - Progress: 9/10
2026-01-14 16:30:06,825 - INFO - Firebase Firestore initialized successfully
2026-01-14 16:30:07,015 - INFO - Successfully saved shop to Firebase: ì´ë¯¸ì§€ìˆ˜31
2026-01-14 16:30:07,015 - INFO - âœ… Firebase Saved: ì´ë¯¸ì§€ìˆ˜31
2026-01-14 16:30:07,016 - INFO - Progress: 10/10
2026-01-14 16:30:07,016 - INFO - ğŸ¯ Target count 10 reached. Stopping.
2026-01-14 16:30:07,016 - INFO - Processed 10 items for ì¸ì²œ ì„œêµ¬ í”¼ë¶€ê´€ë¦¬ìƒµ
2026-01-14 16:30:08,771 - INFO - âœ… Finished. Total saved: 10

--- NEW ENGINE RUN: 2026-01-15 11:11:26 (Target: ì„œìš¸ ê°•ë‚¨, Count: 10) ---
2026-01-15 11:11:41,460 - INFO - ğŸ” Searching: ì„œìš¸ ê°•ë‚¨ í”¼ë¶€ê´€ë¦¬ìƒµ
2026-01-15 11:11:47,318 - INFO - ğŸ—ºï¸ Map view detected. Switching to list view...
2026-01-15 11:11:53,560 - INFO - Found 100 list items. Extracting basic info...
2026-01-15 11:11:55,128 - INFO - ğŸ” Visiting detail page: ì •ì•¤ì •í”¼ë¶€ê´€ë¦¬ì‹¤í”¼ë¶€,ì²´í˜•ê´€ë¦¬
2026-01-15 11:12:02,545 - INFO - Firebase Firestore initialized successfully
2026-01-15 11:12:04,133 - INFO - Successfully saved shop to Firebase: ì •ì•¤ì •í”¼ë¶€ê´€ë¦¬ì‹¤
2026-01-15 11:12:04,133 - INFO - âœ… Firebase Saved: ì •ì•¤ì •í”¼ë¶€ê´€ë¦¬ì‹¤
2026-01-15 11:12:04,133 - INFO - Progress: 1/10
2026-01-15 11:12:07,628 - INFO - ğŸ” Visiting detail page: ì´ë¯¸ì§€ìˆ˜9
2026-01-15 11:12:13,170 - INFO - Firebase Firestore initialized successfully
2026-01-15 11:12:13,274 - INFO - Successfully saved shop to Firebase: ë””ìœ ì—ìŠ¤í…Œí‹± í”„ë¦¬ë²  ì²­ë‹´ì 
2026-01-15 11:12:13,274 - INFO - âœ… Firebase Saved: ë””ìœ ì—ìŠ¤í…Œí‹± í”„ë¦¬ë²  ì²­ë‹´ì 
2026-01-15 11:12:13,274 - INFO - Progress: 2/10
2026-01-15 11:12:16,823 - INFO - ğŸ” Visiting detail page: ì´ë¯¸ì§€ìˆ˜24
2026-01-15 11:12:23,317 - INFO - Firebase Firestore initialized successfully
2026-01-15 11:12:23,476 - INFO - Successfully saved shop to Firebase: ë²¨ë¼ì¸ ì—ìŠ¤í…Œí‹± ê°•ë‚¨ì„ ë¦‰ì 
2026-01-15 11:12:23,476 - INFO - âœ… Firebase Saved: ë²¨ë¼ì¸ ì—ìŠ¤í…Œí‹± ê°•ë‚¨ì„ ë¦‰ì 
2026-01-15 11:12:23,476 - INFO - Progress: 3/10
2026-01-15 11:12:27,152 - INFO - ğŸ” Visiting detail page: ì´ë¯¸ì§€ìˆ˜37
2026-01-15 11:12:31,421 - INFO - Firebase Firestore initialized successfully
2026-01-15 11:12:31,511 - INFO - Successfully saved shop to Firebase: í”„ë¡¬ë¯¸ ê°•ë‚¨ë³¸ì 
2026-01-15 11:12:31,511 - INFO - âœ… Firebase Saved: í”„ë¡¬ë¯¸ ê°•ë‚¨ë³¸ì 
2026-01-15 11:12:31,511 - INFO - Progress: 4/10
2026-01-15 11:12:36,923 - INFO - ğŸ” Visiting detail page: ì´ë¯¸ì§€ìˆ˜10
2026-01-15 11:12:42,207 - INFO - Firebase Firestore initialized successfully
2026-01-15 11:12:42,330 - INFO - Successfully saved shop to Firebase: ë¯¸ë‹ˆì‰¬ ë°œëª½ìŠ¤íŒŒ ì••êµ¬ì •ë¡œë°ì˜¤ì 
2026-01-15 11:12:42,330 - INFO - âœ… Firebase Saved: ë¯¸ë‹ˆì‰¬ ë°œëª½ìŠ¤íŒŒ ì••êµ¬ì •ë¡œë°ì˜¤ì 
2026-01-15 11:12:42,330 - INFO - Progress: 5/10
2026-01-15 11:12:48,539 - INFO - ğŸ” Visiting detail page: ì´ë¯¸ì§€ìˆ˜81
2026-01-15 11:13:00,657 - INFO - Firebase Firestore initialized successfully
2026-01-15 11:13:00,802 - INFO - Successfully saved shop to Firebase: ì˜¨ì—ìŠ¤í…Œí‹± ì„ ë¦‰ì 
2026-01-15 11:13:00,802 - INFO - âœ… Firebase Saved: ì˜¨ì—ìŠ¤í…Œí‹± ì„ ë¦‰ì 
2026-01-15 11:13:00,802 - INFO - Progress: 6/10
2026-01-15 11:13:05,012 - INFO - ğŸ” Visiting detail page: ì´ë¯¸ì§€ìˆ˜12
2026-01-15 11:13:09,973 - INFO - Firebase Firestore initialized successfully
2026-01-15 11:13:10,073 - INFO - Successfully saved shop to Firebase: ë¯¸ë¥´í…Œ ë°”ì´ í˜œì •
2026-01-15 11:13:10,074 - INFO - âœ… Firebase Saved: ë¯¸ë¥´í…Œ ë°”ì´ í˜œì •
2026-01-15 11:13:10,074 - INFO - Progress: 7/10
2026-01-15 11:13:16,142 - INFO - ğŸ” Visiting detail page: ì´ë¯¸ì§€ìˆ˜10
2026-01-15 11:13:23,248 - INFO - Firebase Firestore initialized successfully
2026-01-15 11:13:23,967 - INFO - Successfully saved shop to Firebase: ë”ë¡ì‹œ ë…¼í˜„ì 
2026-01-15 11:13:23,967 - INFO - âœ… Firebase Saved: ë”ë¡ì‹œ ë…¼í˜„ì 
2026-01-15 11:13:23,967 - INFO - Progress: 8/10
2026-01-15 11:13:29,743 - INFO - ğŸ” Visiting detail page: ì´ë¯¸ì§€ìˆ˜67
2026-01-15 11:13:41,305 - INFO - Firebase Firestore initialized successfully
2026-01-15 11:13:41,407 - INFO - Successfully saved shop to Firebase: ì˜¨ì—ìŠ¤í…Œí‹± ì••êµ¬ì •ì 
2026-01-15 11:13:41,408 - INFO - âœ… Firebase Saved: ì˜¨ì—ìŠ¤í…Œí‹± ì••êµ¬ì •ì 
2026-01-15 11:13:41,408 - INFO - Progress: 9/10
2026-01-15 11:13:45,088 - INFO - ğŸ” Visiting detail page: ì´ë¯¸ì§€ìˆ˜16
2026-01-15 11:13:51,431 - INFO - Firebase Firestore initialized successfully
2026-01-15 11:13:51,531 - INFO - Successfully saved shop to Firebase: ê¹€ì„œí¬ê±´ê°•ì—°êµ¬ì†Œ
2026-01-15 11:13:51,531 - INFO - âœ… Firebase Saved: ê¹€ì„œí¬ê±´ê°•ì—°êµ¬ì†Œ
2026-01-15 11:13:51,532 - INFO - Progress: 10/10
2026-01-15 11:13:56,438 - INFO - âœ… Finished. Total saved: 10

--- NEW ENGINE RUN: 2026-01-15 12:31:26 (Target: ì„œìš¸ ê°•ë‚¨, Count: 10) ---
2026-01-15 12:31:59,044 - INFO - ğŸ” Searching: ì„œìš¸ ê°•ë‚¨ í”¼ë¶€ê´€ë¦¬ìƒµ
2026-01-15 12:32:04,414 - INFO - ğŸ—ºï¸ Map view detected. Switching to list view...
2026-01-15 12:32:13,564 - INFO - Found 100 list items. Extracting basic info...
2026-01-15 12:32:14,154 - INFO - ğŸ” Visiting detail page: ì •ì•¤ì •í”¼ë¶€ê´€ë¦¬ì‹¤í”¼ë¶€,ì²´í˜•ê´€ë¦¬
2026-01-15 12:32:19,956 - INFO - Firebase Firestore initialized successfully
2026-01-15 12:32:21,545 - INFO - Successfully saved shop to Firebase: ì •ì•¤ì •í”¼ë¶€ê´€ë¦¬ì‹¤
2026-01-15 12:32:21,545 - INFO - âœ… Firebase Saved: ì •ì•¤ì •í”¼ë¶€ê´€ë¦¬ì‹¤
2026-01-15 12:32:21,545 - INFO - Progress: 1/10
2026-01-15 12:32:25,366 - INFO - ğŸ” Visiting detail page: ì´ë¯¸ì§€ìˆ˜9
2026-01-15 12:32:30,521 - INFO - Firebase Firestore initialized successfully
2026-01-15 12:32:30,644 - INFO - Successfully saved shop to Firebase: ë””ìœ ì—ìŠ¤í…Œí‹± í”„ë¦¬ë²  ì²­ë‹´ì 
2026-01-15 12:32:30,644 - INFO - âœ… Firebase Saved: ë””ìœ ì—ìŠ¤í…Œí‹± í”„ë¦¬ë²  ì²­ë‹´ì 
2026-01-15 12:32:30,644 - INFO - Progress: 2/10
2026-01-15 12:32:37,189 - INFO - ğŸ” Visiting detail page: ì´ë¯¸ì§€ìˆ˜24
2026-01-15 12:32:42,432 - INFO - Firebase Firestore initialized successfully
2026-01-15 12:32:42,555 - INFO - Successfully saved shop to Firebase: ë²¨ë¼ì¸ ì—ìŠ¤í…Œí‹± ê°•ë‚¨ì„ ë¦‰ì 
2026-01-15 12:32:42,555 - INFO - âœ… Firebase Saved: ë²¨ë¼ì¸ ì—ìŠ¤í…Œí‹± ê°•ë‚¨ì„ ë¦‰ì 
2026-01-15 12:32:42,555 - INFO - Progress: 3/10
2026-01-15 12:32:48,131 - INFO - ğŸ” Visiting detail page: ì´ë¯¸ì§€ìˆ˜37
2026-01-15 12:32:52,848 - INFO - Firebase Firestore initialized successfully
2026-01-15 12:32:52,958 - INFO - Successfully saved shop to Firebase: í”„ë¡¬ë¯¸ ê°•ë‚¨ë³¸ì 
2026-01-15 12:32:52,958 - INFO - âœ… Firebase Saved: í”„ë¡¬ë¯¸ ê°•ë‚¨ë³¸ì 
2026-01-15 12:32:52,958 - INFO - Progress: 4/10
2026-01-15 12:32:58,198 - INFO - ğŸ” Visiting detail page: ì´ë¯¸ì§€ìˆ˜10
2026-01-15 12:33:05,030 - INFO - Firebase Firestore initialized successfully
2026-01-15 12:33:05,130 - INFO - Successfully saved shop to Firebase: ë¯¸ë‹ˆì‰¬ ë°œëª½ìŠ¤íŒŒ ì••êµ¬ì •ë¡œë°ì˜¤ì 
2026-01-15 12:33:05,131 - INFO - âœ… Firebase Saved: ë¯¸ë‹ˆì‰¬ ë°œëª½ìŠ¤íŒŒ ì••êµ¬ì •ë¡œë°ì˜¤ì 
2026-01-15 12:33:05,131 - INFO - Progress: 5/10
2026-01-15 12:33:09,241 - INFO - ğŸ” Visiting detail page: ì´ë¯¸ì§€ìˆ˜81
2026-01-15 12:33:15,761 - INFO - Firebase Firestore initialized successfully
2026-01-15 12:33:16,159 - INFO - Successfully saved shop to Firebase: ì˜¨ì—ìŠ¤í…Œí‹± ì„ ë¦‰ì 
2026-01-15 12:33:16,159 - INFO - âœ… Firebase Saved: ì˜¨ì—ìŠ¤í…Œí‹± ì„ ë¦‰ì 
2026-01-15 12:33:16,159 - INFO - Progress: 6/10
2026-01-15 12:33:21,652 - INFO - ğŸ” Visiting detail page: ì´ë¯¸ì§€ìˆ˜12
2026-01-15 12:33:26,199 - INFO - Firebase Firestore initialized successfully
2026-01-15 12:33:26,362 - INFO - Successfully saved shop to Firebase: ë¯¸ë¥´í…Œ ë°”ì´ í˜œì •
2026-01-15 12:33:26,362 - INFO - âœ… Firebase Saved: ë¯¸ë¥´í…Œ ë°”ì´ í˜œì •
2026-01-15 12:33:26,362 - INFO - Progress: 7/10
2026-01-15 12:33:32,270 - INFO - ğŸ” Visiting detail page: ì´ë¯¸ì§€ìˆ˜10
2026-01-15 12:33:38,543 - INFO - Firebase Firestore initialized successfully
2026-01-15 12:33:38,635 - INFO - Successfully saved shop to Firebase: ë”ë¡ì‹œ ë…¼í˜„ì 
2026-01-15 12:33:38,636 - INFO - âœ… Firebase Saved: ë”ë¡ì‹œ ë…¼í˜„ì 
2026-01-15 12:33:38,636 - INFO - Progress: 8/10
2026-01-15 12:33:44,306 - INFO - ğŸ” Visiting detail page: ì´ë¯¸ì§€ìˆ˜68
2026-01-15 12:33:56,638 - INFO - Firebase Firestore initialized successfully
2026-01-15 12:33:56,746 - INFO - Successfully saved shop to Firebase: ì˜¨ì—ìŠ¤í…Œí‹± ì••êµ¬ì •ì 
2026-01-15 12:33:56,748 - INFO - âœ… Firebase Saved: ì˜¨ì—ìŠ¤í…Œí‹± ì••êµ¬ì •ì 
2026-01-15 12:33:56,748 - INFO - Progress: 9/10
2026-01-15 12:34:01,044 - INFO - ğŸ” Visiting detail page: ì´ë¯¸ì§€ìˆ˜16
2026-01-15 12:34:07,339 - INFO - Firebase Firestore initialized successfully
2026-01-15 12:34:07,469 - INFO - Successfully saved shop to Firebase: ê¹€ì„œí¬ê±´ê°•ì—°êµ¬ì†Œ
2026-01-15 12:34:07,469 - INFO - âœ… Firebase Saved: ê¹€ì„œí¬ê±´ê°•ì—°êµ¬ì†Œ
2026-01-15 12:34:07,469 - INFO - Progress: 10/10
2026-01-15 12:34:23,037 - INFO - âœ… Finished. Total saved: 10

--- NEW ENGINE RUN: 2026-01-15 12:37:54 (Target: ì„œìš¸ ê°•ë‚¨, Count: 10) ---
2026-01-15 12:38:00,775 - INFO - ğŸ” Searching: ì„œìš¸ ê°•ë‚¨ í”¼ë¶€ê´€ë¦¬ìƒµ
2026-01-15 12:38:05,174 - INFO - ğŸ—ºï¸ Map view detected. Switching to list view...
2026-01-15 12:38:13,517 - INFO - Found 100 list items. Extracting basic info...
2026-01-15 12:38:14,540 - INFO - ğŸ” Visiting detail page: ì •ì•¤ì •í”¼ë¶€ê´€ë¦¬ì‹¤í”¼ë¶€,ì²´í˜•ê´€ë¦¬
2026-01-15 12:38:20,176 - INFO - Firebase Firestore initialized successfully
2026-01-15 12:38:21,705 - INFO - Successfully saved shop to Firebase: ì •ì•¤ì •í”¼ë¶€ê´€ë¦¬ì‹¤
2026-01-15 12:38:21,705 - INFO - âœ… Firebase Saved: ì •ì•¤ì •í”¼ë¶€ê´€ë¦¬ì‹¤
2026-01-15 12:38:21,705 - INFO - Progress: 1/10
2026-01-15 12:38:26,966 - INFO - ğŸ” Visiting detail page: ì´ë¯¸ì§€ìˆ˜9
2026-01-15 12:38:31,505 - INFO - Firebase Firestore initialized successfully
2026-01-15 12:38:31,612 - INFO - Successfully saved shop to Firebase: ë””ìœ ì—ìŠ¤í…Œí‹± í”„ë¦¬ë²  ì²­ë‹´ì 
2026-01-15 12:38:31,612 - INFO - âœ… Firebase Saved: ë””ìœ ì—ìŠ¤í…Œí‹± í”„ë¦¬ë²  ì²­ë‹´ì 
2026-01-15 12:38:31,612 - INFO - Progress: 2/10
2026-01-15 12:38:38,151 - INFO - ğŸ” Visiting detail page: ì´ë¯¸ì§€ìˆ˜24
2026-01-15 12:38:43,573 - INFO - Firebase Firestore initialized successfully
2026-01-15 12:38:43,727 - INFO - Successfully saved shop to Firebase: ë²¨ë¼ì¸ ì—ìŠ¤í…Œí‹± ê°•ë‚¨ì„ ë¦‰ì 
2026-01-15 12:38:43,727 - INFO - âœ… Firebase Saved: ë²¨ë¼ì¸ ì—ìŠ¤í…Œí‹± ê°•ë‚¨ì„ ë¦‰ì 
2026-01-15 12:38:43,727 - INFO - Progress: 3/10
2026-01-15 12:38:48,426 - INFO - ğŸ” Visiting detail page: ì´ë¯¸ì§€ìˆ˜37
2026-01-15 12:38:53,360 - INFO - Firebase Firestore initialized successfully
2026-01-15 12:38:53,475 - INFO - Successfully saved shop to Firebase: í”„ë¡¬ë¯¸ ê°•ë‚¨ë³¸ì 
2026-01-15 12:38:53,476 - INFO - âœ… Firebase Saved: í”„ë¡¬ë¯¸ ê°•ë‚¨ë³¸ì 
2026-01-15 12:38:53,476 - INFO - Progress: 4/10
2026-01-15 12:39:00,010 - INFO - ğŸ” Visiting detail page: ì´ë¯¸ì§€ìˆ˜10
2026-01-15 12:39:05,166 - INFO - Firebase Firestore initialized successfully
2026-01-15 12:39:05,281 - INFO - Successfully saved shop to Firebase: ë¯¸ë‹ˆì‰¬ ë°œëª½ìŠ¤íŒŒ ì••êµ¬ì •ë¡œë°ì˜¤ì 
2026-01-15 12:39:05,282 - INFO - âœ… Firebase Saved: ë¯¸ë‹ˆì‰¬ ë°œëª½ìŠ¤íŒŒ ì••êµ¬ì •ë¡œë°ì˜¤ì 
2026-01-15 12:39:05,282 - INFO - Progress: 5/10
2026-01-15 12:39:10,199 - INFO - ğŸ” Visiting detail page: ì´ë¯¸ì§€ìˆ˜81
2026-01-15 12:39:21,739 - INFO - Firebase Firestore initialized successfully
2026-01-15 12:39:21,832 - INFO - Successfully saved shop to Firebase: ì˜¨ì—ìŠ¤í…Œí‹± ì„ ë¦‰ì 
2026-01-15 12:39:21,833 - INFO - âœ… Firebase Saved: ì˜¨ì—ìŠ¤í…Œí‹± ì„ ë¦‰ì 
2026-01-15 12:39:21,833 - INFO - Progress: 6/10
2026-01-15 12:39:25,878 - INFO - ğŸ” Visiting detail page: ì´ë¯¸ì§€ìˆ˜12
2026-01-15 12:39:30,880 - INFO - Firebase Firestore initialized successfully
2026-01-15 12:39:30,994 - INFO - Successfully saved shop to Firebase: ë¯¸ë¥´í…Œ ë°”ì´ í˜œì •
2026-01-15 12:39:30,994 - INFO - âœ… Firebase Saved: ë¯¸ë¥´í…Œ ë°”ì´ í˜œì •
2026-01-15 12:39:30,994 - INFO - Progress: 7/10
2026-01-15 12:39:34,797 - INFO - ğŸ” Visiting detail page: ì´ë¯¸ì§€ìˆ˜10
2026-01-15 12:39:40,563 - INFO - Firebase Firestore initialized successfully
2026-01-15 12:39:40,673 - INFO - Successfully saved shop to Firebase: ë”ë¡ì‹œ ë…¼í˜„ì 
2026-01-15 12:39:40,673 - INFO - âœ… Firebase Saved: ë”ë¡ì‹œ ë…¼í˜„ì 
2026-01-15 12:39:40,674 - INFO - Progress: 8/10
2026-01-15 12:39:45,049 - INFO - ğŸ” Visiting detail page: ì´ë¯¸ì§€ìˆ˜68
2026-01-15 12:39:50,857 - INFO - Firebase Firestore initialized successfully
2026-01-15 12:39:50,964 - INFO - Successfully saved shop to Firebase: ì˜¨ì—ìŠ¤í…Œí‹± ì••êµ¬ì •ì 
2026-01-15 12:39:50,964 - INFO - âœ… Firebase Saved: ì˜¨ì—ìŠ¤í…Œí‹± ì••êµ¬ì •ì 
2026-01-15 12:39:50,964 - INFO - Progress: 9/10
2026-01-15 12:39:56,414 - INFO - ğŸ” Visiting detail page: ì´ë¯¸ì§€ìˆ˜16
2026-01-15 12:40:02,841 - INFO - Firebase Firestore initialized successfully
2026-01-15 12:40:02,928 - INFO - Successfully saved shop to Firebase: ê¹€ì„œí¬ê±´ê°•ì—°êµ¬ì†Œ
2026-01-15 12:40:02,930 - INFO - âœ… Firebase Saved: ê¹€ì„œí¬ê±´ê°•ì—°êµ¬ì†Œ
2026-01-15 12:40:02,930 - INFO - Progress: 10/10
2026-01-15 12:40:10,018 - INFO - âœ… Finished. Total saved: 10

--- NEW ENGINE RUN: 2026-01-15 12:51:02 (Target: ì¸ì²œ ì‚°ê³¡ë™, Count: 10) ---
2026-01-15 12:51:07,995 - INFO - ğŸ” Searching: ì¸ì²œ ì‚°ê³¡ë™ í”¼ë¶€ê´€ë¦¬ìƒµ
2026-01-15 12:51:14,045 - INFO - ğŸ—ºï¸ Map view detected. Switching to list view...
2026-01-15 12:51:22,277 - INFO - Found 100 list items. Extracting basic info...
2026-01-15 12:51:22,848 - INFO - ğŸ” Visiting detail page: ì´ë¯¸ì§€ìˆ˜7
2026-01-15 12:51:34,480 - INFO - Firebase Firestore initialized successfully
2026-01-15 12:51:35,917 - INFO - Successfully saved shop to Firebase: ë²¨ë¥´ìŠ¤íŒŒì•¤ë°”ë””í…Œë¼í”¼ ë·°í‹° ë§ˆì‚¬ì§€ ì¸ì²œë¶€í‰ì 
2026-01-15 12:51:35,917 - INFO - âœ… Firebase Saved: ë²¨ë¥´ìŠ¤íŒŒì•¤ë°”ë””í…Œë¼í”¼ ë·°í‹° ë§ˆì‚¬ì§€ ì¸ì²œë¶€í‰ì 
2026-01-15 12:51:35,917 - INFO - Progress: 1/10
2026-01-15 12:51:38,977 - INFO - ğŸ” Visiting detail page: ì´ë¯¸ì§€ìˆ˜114
2026-01-15 12:51:43,752 - INFO - Firebase Firestore initialized successfully
2026-01-15 12:51:43,849 - INFO - Successfully saved shop to Firebase: ì¸ì¹˜ë°”ì´ì¸ì¹˜_LPG ì—”ë”ëª°ë¡œì§€ ì¸ì²œë¶€í‰ì 
2026-01-15 12:51:43,849 - INFO - âœ… Firebase Saved: ì¸ì¹˜ë°”ì´ì¸ì¹˜_LPG ì—”ë”ëª°ë¡œì§€ ì¸ì²œë¶€í‰ì 
2026-01-15 12:51:43,850 - INFO - Progress: 2/10
2026-01-15 12:51:47,754 - INFO - ğŸ” Visiting detail page: ì´ë¯¸ì§€ìˆ˜7
2026-01-15 12:51:53,033 - INFO - Firebase Firestore initialized successfully
2026-01-15 12:51:53,143 - INFO - Successfully saved shop to Firebase: ê¹€ì„ ë¯¸ ì—ìŠ¤í…Œí‹±
2026-01-15 12:51:53,143 - INFO - âœ… Firebase Saved: ê¹€ì„ ë¯¸ ì—ìŠ¤í…Œí‹±
2026-01-15 12:51:53,143 - INFO - Progress: 3/10
2026-01-15 12:51:59,574 - INFO - ğŸ” Visiting detail page: ì´ë¯¸ì§€ìˆ˜14
2026-01-15 12:52:04,608 - INFO - Firebase Firestore initialized successfully
2026-01-15 12:52:04,715 - INFO - Successfully saved shop to Firebase: 153 ì—ìŠ¤í…Œí‹± í”¼ë¶€ê´€ë¦¬
2026-01-15 12:52:04,716 - INFO - âœ… Firebase Saved: 153 ì—ìŠ¤í…Œí‹± í”¼ë¶€ê´€ë¦¬
2026-01-15 12:52:04,716 - INFO - Progress: 4/10
2026-01-15 12:52:10,853 - INFO - ğŸ” Visiting detail page: ì´ë¯¸ì§€ìˆ˜7
2026-01-15 12:52:16,683 - INFO - Firebase Firestore initialized successfully
2026-01-15 12:52:16,791 - INFO - Successfully saved shop to Firebase: ë¶€í‰ì‚°ê³¡ ê·¼ìœ¡ì¡°ì •ë§ˆì‚¬ì§€
2026-01-15 12:52:16,791 - INFO - âœ… Firebase Saved: ë¶€í‰ì‚°ê³¡ ê·¼ìœ¡ì¡°ì •ë§ˆì‚¬ì§€
2026-01-15 12:52:16,791 - INFO - Progress: 5/10
2026-01-15 12:52:23,341 - INFO - ğŸ” Visiting detail page: ì´ë¯¸ì§€ìˆ˜28
2026-01-15 12:52:27,905 - INFO - Firebase Firestore initialized successfully
2026-01-15 12:52:28,026 - INFO - Successfully saved shop to Firebase: ë¦¬ìš°ì—ìŠ¤í…Œí‹±
2026-01-15 12:52:28,026 - INFO - âœ… Firebase Saved: ë¦¬ìš°ì—ìŠ¤í…Œí‹±
2026-01-15 12:52:28,027 - INFO - Progress: 6/10
2026-01-15 12:52:31,501 - INFO - ğŸ” Visiting detail page: ì´ë¯¸ì§€ìˆ˜10
2026-01-15 12:52:36,664 - INFO - Firebase Firestore initialized successfully
2026-01-15 12:52:36,761 - INFO - Successfully saved shop to Firebase: íŒë‹¤ì°¨ì´ë‚˜í’‹ë§ˆì‚¬ì§€
2026-01-15 12:52:36,761 - INFO - âœ… Firebase Saved: íŒë‹¤ì°¨ì´ë‚˜í’‹ë§ˆì‚¬ì§€
2026-01-15 12:52:36,761 - INFO - Progress: 7/10
2026-01-15 12:52:41,577 - INFO - ğŸ” Visiting detail page: ì´ë¯¸ì§€ìˆ˜59
2026-01-15 12:52:46,217 - INFO - Firebase Firestore initialized successfully
2026-01-15 12:52:46,323 - INFO - Successfully saved shop to Firebase: ì•„ëŠí¬
2026-01-15 12:52:46,323 - INFO - âœ… Firebase Saved: ì•„ëŠí¬
2026-01-15 12:52:46,323 - INFO - Progress: 8/10
2026-01-15 12:52:49,691 - INFO - ğŸ” Visiting detail page: ì´ë¯¸ì§€ìˆ˜60
2026-01-15 12:52:55,308 - INFO - Firebase Firestore initialized successfully
2026-01-15 12:52:55,412 - INFO - Successfully saved shop to Firebase: jsí”¼ë¶€ì—°êµ¬ì†Œ
2026-01-15 12:52:55,412 - INFO - âœ… Firebase Saved: jsí”¼ë¶€ì—°êµ¬ì†Œ
2026-01-15 12:52:55,412 - INFO - Progress: 9/10
2026-01-15 12:53:01,257 - INFO - ğŸ” Visiting detail page: ì´ë¯¸ì§€ìˆ˜11
2026-01-15 12:53:06,335 - INFO - Firebase Firestore initialized successfully
2026-01-15 12:53:06,438 - INFO - Successfully saved shop to Firebase: ì˜ìš¸ë§
2026-01-15 12:53:06,439 - INFO - âœ… Firebase Saved: ì˜ìš¸ë§
2026-01-15 12:53:06,439 - INFO - Progress: 10/10
2026-01-15 12:53:10,272 - INFO - âœ… Finished. Total saved: 10

--- NEW ENGINE RUN: 2026-01-15 12:59:16 (Target: ì¸ì²œ ì‚°ê³¡ë™, Count: 10) ---
2026-01-15 12:59:26,347 - INFO - ğŸ” Searching: ì¸ì²œ ì‚°ê³¡ë™ í”¼ë¶€ê´€ë¦¬ìƒµ
2026-01-15 12:59:31,502 - INFO - ğŸ—ºï¸ Map view detected. Switching to list view...
2026-01-15 12:59:39,722 - INFO - Found 100 list items. Extracting basic info...
2026-01-15 12:59:40,740 - INFO - ğŸ” Visiting detail page: ì´ë¯¸ì§€ìˆ˜7
2026-01-15 12:59:53,232 - INFO - Firebase Firestore initialized successfully
2026-01-15 12:59:55,037 - INFO - Successfully saved shop to Firebase: ë²¨ë¥´ìŠ¤íŒŒì•¤ë°”ë””í…Œë¼í”¼ ë·°í‹° ë§ˆì‚¬ì§€ ì¸ì²œë¶€í‰ì 
2026-01-15 12:59:55,038 - INFO - âœ… Firebase Saved: ë²¨ë¥´ìŠ¤íŒŒì•¤ë°”ë””í…Œë¼í”¼ ë·°í‹° ë§ˆì‚¬ì§€ ì¸ì²œë¶€í‰ì 
2026-01-15 12:59:55,038 - INFO - Progress: 1/10
2026-01-15 13:00:01,691 - INFO - ğŸ” Visiting detail page: ì´ë¯¸ì§€ìˆ˜114
2026-01-15 13:00:06,849 - INFO - Firebase Firestore initialized successfully
2026-01-15 13:00:06,986 - INFO - Successfully saved shop to Firebase: ì¸ì¹˜ë°”ì´ì¸ì¹˜_LPG ì—”ë”ëª°ë¡œì§€ ì¸ì²œë¶€í‰ì 
2026-01-15 13:00:06,986 - INFO - âœ… Firebase Saved: ì¸ì¹˜ë°”ì´ì¸ì¹˜_LPG ì—”ë”ëª°ë¡œì§€ ì¸ì²œë¶€í‰ì 
2026-01-15 13:00:06,987 - INFO - Progress: 2/10
2026-01-15 13:00:12,647 - INFO - ğŸ” Visiting detail page: ì´ë¯¸ì§€ìˆ˜7
2026-01-15 13:00:18,413 - INFO - Firebase Firestore initialized successfully
2026-01-15 13:00:18,512 - INFO - Successfully saved shop to Firebase: ê¹€ì„ ë¯¸ ì—ìŠ¤í…Œí‹±
2026-01-15 13:00:18,512 - INFO - âœ… Firebase Saved: ê¹€ì„ ë¯¸ ì—ìŠ¤í…Œí‹±
2026-01-15 13:00:18,513 - INFO - Progress: 3/10
2026-01-15 13:00:21,582 - INFO - ğŸ” Visiting detail page: ì´ë¯¸ì§€ìˆ˜14
2026-01-15 13:00:27,410 - INFO - Firebase Firestore initialized successfully
2026-01-15 13:00:27,518 - INFO - Successfully saved shop to Firebase: 153 ì—ìŠ¤í…Œí‹± í”¼ë¶€ê´€ë¦¬
2026-01-15 13:00:27,518 - INFO - âœ… Firebase Saved: 153 ì—ìŠ¤í…Œí‹± í”¼ë¶€ê´€ë¦¬
2026-01-15 13:00:27,519 - INFO - Progress: 4/10
2026-01-15 13:00:32,384 - INFO - ğŸ” Visiting detail page: ì´ë¯¸ì§€ìˆ˜7
2026-01-15 13:00:38,048 - INFO - Firebase Firestore initialized successfully
2026-01-15 13:00:38,144 - INFO - Successfully saved shop to Firebase: ë¶€í‰ì‚°ê³¡ ê·¼ìœ¡ì¡°ì •ë§ˆì‚¬ì§€
2026-01-15 13:00:38,144 - INFO - âœ… Firebase Saved: ë¶€í‰ì‚°ê³¡ ê·¼ìœ¡ì¡°ì •ë§ˆì‚¬ì§€
2026-01-15 13:00:38,144 - INFO - Progress: 5/10
2026-01-15 13:00:43,693 - INFO - ğŸ” Visiting detail page: ì´ë¯¸ì§€ìˆ˜28
2026-01-15 13:00:49,286 - INFO - Firebase Firestore initialized successfully
2026-01-15 13:00:49,381 - INFO - Successfully saved shop to Firebase: ë¦¬ìš°ì—ìŠ¤í…Œí‹±
2026-01-15 13:00:49,382 - INFO - âœ… Firebase Saved: ë¦¬ìš°ì—ìŠ¤í…Œí‹±
2026-01-15 13:00:49,382 - INFO - Progress: 6/10
2026-01-15 13:00:56,323 - INFO - ğŸ” Visiting detail page: ì´ë¯¸ì§€ìˆ˜10
2026-01-15 13:01:00,797 - INFO - Firebase Firestore initialized successfully
2026-01-15 13:01:00,915 - INFO - Successfully saved shop to Firebase: íŒë‹¤ì°¨ì´ë‚˜í’‹ë§ˆì‚¬ì§€
2026-01-15 13:01:00,916 - INFO - âœ… Firebase Saved: íŒë‹¤ì°¨ì´ë‚˜í’‹ë§ˆì‚¬ì§€
2026-01-15 13:01:00,916 - INFO - Progress: 7/10
2026-01-15 13:01:04,365 - INFO - ğŸ” Visiting detail page: ì´ë¯¸ì§€ìˆ˜59
2026-01-15 13:01:10,336 - INFO - Firebase Firestore initialized successfully
2026-01-15 13:01:10,432 - INFO - Successfully saved shop to Firebase: ì•„ëŠí¬
2026-01-15 13:01:10,432 - INFO - âœ… Firebase Saved: ì•„ëŠí¬
2026-01-15 13:01:10,432 - INFO - Progress: 8/10
2026-01-15 13:01:15,613 - INFO - ğŸ” Visiting detail page: ì´ë¯¸ì§€ìˆ˜60
2026-01-15 13:01:20,437 - INFO - Firebase Firestore initialized successfully
2026-01-15 13:01:20,531 - INFO - Successfully saved shop to Firebase: jsí”¼ë¶€ì—°êµ¬ì†Œ
2026-01-15 13:01:20,531 - INFO - âœ… Firebase Saved: jsí”¼ë¶€ì—°êµ¬ì†Œ
2026-01-15 13:01:20,531 - INFO - Progress: 9/10
2026-01-15 13:01:26,924 - INFO - ğŸ” Visiting detail page: ì´ë¯¸ì§€ìˆ˜11
2026-01-15 13:01:31,801 - INFO - Firebase Firestore initialized successfully
2026-01-15 13:01:31,887 - INFO - Successfully saved shop to Firebase: ì˜ìš¸ë§
2026-01-15 13:01:31,888 - INFO - âœ… Firebase Saved: ì˜ìš¸ë§
2026-01-15 13:01:31,888 - INFO - Progress: 10/10
2026-01-15 13:01:36,657 - INFO - âœ… Finished. Total saved: 10

--- NEW ENGINE RUN: 2026-01-15 13:47:52 (Target: ì¸ì²œ ì—°ìˆ˜êµ¬, Count: 10) ---
2026-01-15 13:47:59,849 - INFO - ğŸ” Searching: ì¸ì²œ ì—°ìˆ˜êµ¬ í”¼ë¶€ê´€ë¦¬ìƒµ
2026-01-15 13:48:04,554 - INFO - ğŸ—ºï¸ Map view detected. Switching to list view...
2026-01-15 13:48:12,319 - INFO - Found 100 list items. Extracting basic info...
2026-01-15 13:48:12,865 - INFO - ğŸ” Visiting detail page: ì´ë¯¸ì§€ìˆ˜25
2026-01-15 13:48:18,127 - INFO - Firebase Firestore initialized successfully
2026-01-15 13:48:19,796 - INFO - Successfully saved shop to Firebase: ë”í•˜ë…¸ì´í’‹ì•¤ë°”ë”” ì†¡ë„ íŠ¸ë¦¬í”Œíƒ€ì›Œì 
2026-01-15 13:48:19,796 - INFO - âœ… Firebase Saved: ë”í•˜ë…¸ì´í’‹ì•¤ë°”ë”” ì†¡ë„ íŠ¸ë¦¬í”Œíƒ€ì›Œì 
2026-01-15 13:48:19,796 - INFO - Progress: 1/10
2026-01-15 13:48:25,792 - INFO - ğŸ” Visiting detail page: ì´ë¯¸ì§€ìˆ˜84
2026-01-15 13:48:30,034 - INFO - Firebase Firestore initialized successfully
2026-01-15 13:48:30,180 - INFO - Successfully saved shop to Firebase: ë”ë°”ë””ìŠ¤ ì†¡ë„ë§ˆì‚¬ì§€
2026-01-15 13:48:30,181 - INFO - âœ… Firebase Saved: ë”ë°”ë””ìŠ¤ ì†¡ë„ë§ˆì‚¬ì§€
2026-01-15 13:48:30,181 - INFO - Progress: 2/10
2026-01-15 13:48:37,065 - INFO - ğŸ” Visiting detail page: ì´ë¯¸ì§€ìˆ˜53
2026-01-15 13:48:42,587 - INFO - Firebase Firestore initialized successfully
2026-01-15 13:48:42,694 - INFO - Successfully saved shop to Firebase: í‚¤ì›° ì¸ì²œì†¡ë„ì 
2026-01-15 13:48:42,694 - INFO - âœ… Firebase Saved: í‚¤ì›° ì¸ì²œì†¡ë„ì 
2026-01-15 13:48:42,694 - INFO - Progress: 3/10
2026-01-15 13:48:49,666 - INFO - ğŸ” Visiting detail page: ì´ë¯¸ì§€ìˆ˜16
2026-01-15 13:48:54,610 - INFO - Firebase Firestore initialized successfully
2026-01-15 13:48:54,715 - INFO - Successfully saved shop to Firebase: ì˜¤ëŠ˜ì˜ íšŒë³µ ì†¡ë„ë§ˆì‚¬ì§€
2026-01-15 13:48:54,715 - INFO - âœ… Firebase Saved: ì˜¤ëŠ˜ì˜ íšŒë³µ ì†¡ë„ë§ˆì‚¬ì§€
2026-01-15 13:48:54,715 - INFO - Progress: 4/10
2026-01-15 13:48:58,762 - INFO - ğŸ” Visiting detail page: ì´ë¯¸ì§€ìˆ˜11
2026-01-15 13:49:02,749 - INFO - Firebase Firestore initialized successfully
2026-01-15 13:49:02,854 - INFO - Successfully saved shop to Firebase: ë”í•˜ë…¸ì´í’‹ì•¤ë°”ë”” ì†¡ë„ì 
2026-01-15 13:49:02,854 - INFO - âœ… Firebase Saved: ë”í•˜ë…¸ì´í’‹ì•¤ë°”ë”” ì†¡ë„ì 
2026-01-15 13:49:02,854 - INFO - Progress: 5/10
2026-01-15 13:49:09,794 - INFO - ğŸ” Visiting detail page: ì´ë¯¸ì§€ìˆ˜54
2026-01-15 13:49:15,392 - INFO - Firebase Firestore initialized successfully
2026-01-15 13:49:15,499 - INFO - Successfully saved shop to Firebase: ì†¡ë„ ë§ˆì‚¬ì§€ ì°¨ì´ë‚˜í’‹&ë°”ë””
2026-01-15 13:49:15,499 - INFO - âœ… Firebase Saved: ì†¡ë„ ë§ˆì‚¬ì§€ ì°¨ì´ë‚˜í’‹&ë°”ë””
2026-01-15 13:49:15,499 - INFO - Progress: 6/10
2026-01-15 13:49:20,697 - INFO - ğŸ” Visiting detail page: ì´ë¯¸ì§€ìˆ˜70
2026-01-15 13:49:26,017 - INFO - Firebase Firestore initialized successfully
2026-01-15 13:49:26,123 - INFO - Successfully saved shop to Firebase: ë”í’‹ìƒµë§ˆì‚¬ì§€ ì†¡ë„ì˜¤ë„¤ìŠ¤íƒ€ì 
2026-01-15 13:49:26,123 - INFO - âœ… Firebase Saved: ë”í’‹ìƒµë§ˆì‚¬ì§€ ì†¡ë„ì˜¤ë„¤ìŠ¤íƒ€ì 
2026-01-15 13:49:26,123 - INFO - Progress: 7/10
2026-01-15 13:49:29,617 - INFO - ğŸ” Visiting detail page: ì´ë¯¸ì§€ìˆ˜56
2026-01-15 13:49:36,239 - INFO - Firebase Firestore initialized successfully
2026-01-15 13:49:36,465 - INFO - Successfully saved shop to Firebase: ë³„ë‹¤ë°©ìŠ¤ì›¨ë””ì‹œ ì™ì‹± ì—°ìˆ˜ì 
2026-01-15 13:49:36,465 - INFO - âœ… Firebase Saved: ë³„ë‹¤ë°©ìŠ¤ì›¨ë””ì‹œ ì™ì‹± ì—°ìˆ˜ì 
2026-01-15 13:49:36,465 - INFO - Progress: 8/10
2026-01-15 13:49:42,449 - INFO - ğŸ” Visiting detail page: ì´ë¯¸ì§€ìˆ˜8
2026-01-15 13:49:46,756 - INFO - Firebase Firestore initialized successfully
2026-01-15 13:49:46,884 - INFO - Successfully saved shop to Firebase: ê°€ì¸ë¯¸ê°€ ì¸ì²œì†¡ë„ì 
2026-01-15 13:49:46,884 - INFO - âœ… Firebase Saved: ê°€ì¸ë¯¸ê°€ ì¸ì²œì†¡ë„ì 
2026-01-15 13:49:46,884 - INFO - Progress: 9/10
2026-01-15 13:49:49,982 - INFO - ğŸ” Visiting detail page: ì´ë¯¸ì§€ìˆ˜90
2026-01-15 13:49:55,365 - INFO - Firebase Firestore initialized successfully
2026-01-15 13:49:55,476 - INFO - Successfully saved shop to Firebase: ì•™ë³´í‹° ì—ìŠ¤í…Œí‹± ì†¡ë„ë³¸ì 
2026-01-15 13:49:55,477 - INFO - âœ… Firebase Saved: ì•™ë³´í‹° ì—ìŠ¤í…Œí‹± ì†¡ë„ë³¸ì 
2026-01-15 13:49:55,477 - INFO - Progress: 10/10
2026-01-15 13:50:03,169 - INFO - âœ… Finished. Total saved: 10

--- NEW ENGINE RUN: 2026-01-15 14:57:11 (Target: ì¸ì²œ ê³„ì–‘êµ¬, Count: 10) ---
2026-01-15 14:57:25,243 - INFO - ğŸ” Searching: ì¸ì²œ ê³„ì–‘êµ¬ í”¼ë¶€ê´€ë¦¬ìƒµ
2026-01-15 14:57:37,777 - INFO - Found 100 list items. Extracting basic info...
2026-01-15 14:57:38,651 - INFO - ğŸ” Visiting detail page: ì´ë¯¸ì§€ìˆ˜114
2026-01-15 14:57:44,473 - INFO - Firebase Firestore initialized successfully
2026-01-15 14:57:47,558 - INFO - Successfully saved shop to Firebase: ë¹„ì•¤ë·°
2026-01-15 14:57:47,558 - INFO - âœ… Firebase Saved: ë¹„ì•¤ë·°
2026-01-15 14:57:47,558 - INFO - Progress: 1/10
2026-01-15 14:57:53,612 - INFO - ğŸ” Visiting detail page: ì´ë¯¸ì§€ìˆ˜48
2026-01-15 14:57:58,063 - INFO - Firebase Firestore initialized successfully
2026-01-15 14:57:58,176 - INFO - Successfully saved shop to Firebase: íƒë‚ ì—ìŠ¤í…Œí‹± ì¸ì²œê³„ì–‘ë³¸ì 
2026-01-15 14:57:58,176 - INFO - âœ… Firebase Saved: íƒë‚ ì—ìŠ¤í…Œí‹± ì¸ì²œê³„ì–‘ë³¸ì 
2026-01-15 14:57:58,176 - INFO - Progress: 2/10
2026-01-15 14:58:03,249 - INFO - ğŸ” Visiting detail page: ì´ë¯¸ì§€ìˆ˜19
2026-01-15 14:58:10,669 - INFO - Firebase Firestore initialized successfully
2026-01-15 14:58:10,771 - INFO - Successfully saved shop to Firebase: ë‚˜ìš°ë¦¬ ìì—°ì¹˜ìœ ì„¼í„°
2026-01-15 14:58:10,771 - INFO - âœ… Firebase Saved: ë‚˜ìš°ë¦¬ ìì—°ì¹˜ìœ ì„¼í„°
2026-01-15 14:58:10,771 - INFO - Progress: 3/10
2026-01-15 14:58:16,962 - INFO - ğŸ” Visiting detail page: ì´ë¯¸ì§€ìˆ˜49
2026-01-15 14:58:22,593 - INFO - Firebase Firestore initialized successfully
2026-01-15 14:58:23,582 - INFO - Successfully saved shop to Firebase: ë‹¨ì•„ë¹„ì±… ê³„ì‚°ì 
2026-01-15 14:58:23,582 - INFO - âœ… Firebase Saved: ë‹¨ì•„ë¹„ì±… ê³„ì‚°ì 
2026-01-15 14:58:23,582 - INFO - Progress: 4/10
2026-01-15 14:58:30,227 - INFO - ğŸ” Visiting detail page: ì´ë¯¸ì§€ìˆ˜20
2026-01-15 14:58:37,735 - INFO - Firebase Firestore initialized successfully
2026-01-15 14:58:37,855 - INFO - Successfully saved shop to Firebase: ì˜¤ë””í’‹ìƒµ ê³„ì‚°ì 
2026-01-15 14:58:37,856 - INFO - âœ… Firebase Saved: ì˜¤ë””í’‹ìƒµ ê³„ì‚°ì 
2026-01-15 14:58:37,856 - INFO - Progress: 5/10
2026-01-15 14:58:42,395 - INFO - ğŸ” Visiting detail page: ì´ë¯¸ì§€ìˆ˜14
2026-01-15 14:58:47,633 - INFO - Firebase Firestore initialized successfully
2026-01-15 14:58:47,790 - INFO - Successfully saved shop to Firebase: ì°¨ì´ë‚˜ê±´ê°•ë§ˆì‚¬ì§€
2026-01-15 14:58:47,790 - INFO - âœ… Firebase Saved: ì°¨ì´ë‚˜ê±´ê°•ë§ˆì‚¬ì§€
2026-01-15 14:58:47,790 - INFO - Progress: 6/10
2026-01-15 14:58:53,380 - INFO - ğŸ” Visiting detail page: ì´ë¯¸ì§€ìˆ˜23
2026-01-15 14:58:58,593 - INFO - Firebase Firestore initialized successfully
2026-01-15 14:58:58,946 - INFO - Successfully saved shop to Firebase: Jë·°í‹°ë¼ì¸
2026-01-15 14:58:58,946 - INFO - âœ… Firebase Saved: Jë·°í‹°ë¼ì¸
2026-01-15 14:58:58,947 - INFO - Progress: 7/10
2026-01-15 14:59:05,733 - INFO - ğŸ” Visiting detail page: ì´ë¯¸ì§€ìˆ˜42
2026-01-15 14:59:10,599 - INFO - Firebase Firestore initialized successfully
2026-01-15 14:59:10,923 - INFO - Successfully saved shop to Firebase: ë”ì‹œì›ë°”ë””ì•¤í’‹ìƒµë§ˆì‚¬ì§€ ê³„ì–‘êµ¬ì²­ì 
2026-01-15 14:59:10,923 - INFO - âœ… Firebase Saved: ë”ì‹œì›ë°”ë””ì•¤í’‹ìƒµë§ˆì‚¬ì§€ ê³„ì–‘êµ¬ì²­ì 
2026-01-15 14:59:10,923 - INFO - Progress: 8/10
2026-01-15 14:59:13,978 - INFO - ğŸ” Visiting detail page: ì´ë¯¸ì§€ìˆ˜22
2026-01-15 14:59:20,352 - INFO - Firebase Firestore initialized successfully
2026-01-15 14:59:20,475 - INFO - Successfully saved shop to Firebase: ë°”ë””ì¼€ì–´ í’‹ìƒµ
2026-01-15 14:59:20,475 - INFO - âœ… Firebase Saved: ë°”ë””ì¼€ì–´ í’‹ìƒµ
2026-01-15 14:59:20,475 - INFO - Progress: 9/10
2026-01-15 14:59:25,092 - INFO - ğŸ” Visiting detail page: ì´ë¯¸ì§€ìˆ˜37
2026-01-15 14:59:29,923 - INFO - Firebase Firestore initialized successfully
2026-01-15 14:59:30,056 - INFO - Successfully saved shop to Firebase: íœ´ìŠ¤í‚¨ì•¤ë°”ë””
2026-01-15 14:59:30,056 - INFO - âœ… Firebase Saved: íœ´ìŠ¤í‚¨ì•¤ë°”ë””
2026-01-15 14:59:30,056 - INFO - Progress: 10/10
2026-01-15 14:59:34,061 - INFO - âœ… Finished. Total saved: 10

--- NEW ENGINE RUN: 2026-01-20 15:15:53 (Target: ì„œìš¸, Count: 200) ---
2026-01-20 15:16:09,762 - INFO - ğŸ” Searching: ì„œìš¸ í”¼ë¶€ê´€ë¦¬ìƒµ
2026-01-20 15:16:14,819 - INFO - ğŸ—ºï¸ Map view detected. Switching to list view...
2026-01-20 15:16:23,632 - INFO - Found 110 list items. Extracting basic info...
2026-01-20 15:16:34,823 - INFO - ğŸ” Visiting detail page: ì´ë¯¸ì§€ìˆ˜9
2026-01-20 15:16:42,602 - INFO - Firebase Firestore initialized successfully
2026-01-20 15:16:44,403 - INFO - Successfully saved shop to Firebase: ìˆ˜í”¼ë¶€ê´€ë¦¬ìƒµ í™”ê³¡ì 
2026-01-20 15:16:44,403 - INFO - âœ… Firebase Saved: ìˆ˜í”¼ë¶€ê´€ë¦¬ìƒµ í™”ê³¡ì 
2026-01-20 15:16:44,403 - INFO - Progress: 1/200
2026-01-20 15:17:02,261 - INFO - ğŸ” Visiting detail page: ì´ë¯¸ì§€ìˆ˜18
2026-01-20 15:17:08,206 - INFO - Firebase Firestore initialized successfully
2026-01-20 15:17:08,302 - INFO - Successfully saved shop to Firebase: JNLì—ìŠ¤í…Œí‹± ë©´ëª©
2026-01-20 15:17:08,302 - INFO - âœ… Firebase Saved: JNLì—ìŠ¤í…Œí‹± ë©´ëª©
2026-01-20 15:17:08,302 - INFO - Progress: 2/200
2026-01-20 15:17:24,559 - INFO - ğŸ” Visiting detail page: ì´ë¯¸ì§€ìˆ˜3
2026-01-20 15:17:32,418 - INFO - Firebase Firestore initialized successfully
2026-01-20 15:17:32,517 - INFO - Successfully saved shop to Firebase: ë¯¸ì„ ì—ìŠ¤ë–¼ í”¼ë¶€ê´€ë¦¬ìƒµ
2026-01-20 15:17:32,517 - INFO - âœ… Firebase Saved: ë¯¸ì„ ì—ìŠ¤ë–¼ í”¼ë¶€ê´€ë¦¬ìƒµ
2026-01-20 15:17:32,517 - INFO - Progress: 3/200
2026-01-20 15:17:48,133 - INFO - ğŸ” Visiting detail page: ì´ë¯¸ì§€ìˆ˜3
2026-01-20 15:17:54,796 - INFO - Firebase Firestore initialized successfully
2026-01-20 15:17:54,893 - INFO - Successfully saved shop to Firebase: ë‹´ìŸì´í”¼ë¶€ê´€ë¦¬ìƒµ
2026-01-20 15:17:54,893 - INFO - âœ… Firebase Saved: ë‹´ìŸì´í”¼ë¶€ê´€ë¦¬ìƒµ
2026-01-20 15:17:54,894 - INFO - Progress: 4/200

--- NEW ENGINE RUN: 2026-01-20 16:30:41 (Target: ì„œìš¸, Count: 200) ---
2026-01-20 16:30:45,628 - INFO - ğŸŒ Using Playwright bundled browser
2026-01-20 16:30:47,339 - INFO - ğŸ” Searching: ì„œìš¸ í”¼ë¶€ê´€ë¦¬ìƒµ

--- NEW ENGINE RUN: 2026-01-20 16:40:17 (Target: ì„œìš¸, Count: 200) ---
  File "C:\Users\USER\.gemini\antigravity\scratch\skin_shop_crawler\step1_refined_crawler.py", line 162
    async def install_playwright_browsers():
SyntaxError: expected 'except' or 'finally' block

--- NEW ENGINE RUN: 2026-01-20 16:40:24 (Target: ì„œìš¸, Count: 200) ---
  File "C:\Users\USER\.gemini\antigravity\scratch\skin_shop_crawler\step1_refined_crawler.py", line 162
    async def install_playwright_browsers():
SyntaxError: expected 'except' or 'finally' block

--- NEW ENGINE RUN: 2026-01-20 16:44:46 (Target: ì„œìš¸, Count: 200) ---
  File "C:\Users\USER\.gemini\antigravity\scratch\skin_shop_crawler\step1_refined_crawler.py", line 162
    async def install_playwright_browsers():
SyntaxError: expected 'except' or 'finally' block

--- NEW ENGINE RUN: 2026-01-20 16:45:09 (Target: ì„œìš¸, Count: 200) ---
  File "C:\Users\USER\.gemini\antigravity\scratch\skin_shop_crawler\step1_refined_crawler.py", line 162
    async def install_playwright_browsers():
SyntaxError: expected 'except' or 'finally' block

--- NEW ENGINE RUN: 2026-01-20 16:45:12 (Target: ì¸ì²œ, Count: 200) ---
  File "C:\Users\USER\.gemini\antigravity\scratch\skin_shop_crawler\step1_refined_crawler.py", line 162
    async def install_playwright_browsers():
SyntaxError: expected 'except' or 'finally' block

--- NEW ENGINE RUN: 2026-01-20 16:52:41 (Target: ì„œìš¸, Count: 200) ---
Progress: 0/200
2026-01-20 16:52:44,233 - INFO - ğŸš€ Engine Started. Target: ì„œìš¸, Count: 200
2026-01-20 16:52:45,114 - INFO - ğŸŒ Using Playwright bundled browser
2026-01-20 16:52:46,527 - INFO - ğŸ” Searching: ì„œìš¸ í”¼ë¶€ê´€ë¦¬ìƒµ

--- NEW ENGINE RUN: 2026-01-20 16:56:29 (Target: ì„œìš¸, Count: 200) ---
Progress: 0/200
2026-01-20 16:56:38,068 - INFO - ğŸŒ Using Playwright bundled browser
2026-01-20 16:56:40,226 - INFO - ğŸ” Searching: ì„œìš¸ í”¼ë¶€ê´€ë¦¬ìƒµ
2026-01-20 16:56:49,111 - INFO - Found 0 list items. Extracting basic info...
2026-01-20 16:56:49,363 - INFO - âœ… Finished. Total saved: 0

--- NEW ENGINE RUN: 2026-01-20 17:00:55 (Target: ì„œìš¸, Count: 200) ---
Progress: 0/200
2026-01-20 17:00:59,601 - INFO - ğŸŒ Using Playwright bundled browser
2026-01-20 17:01:01,092 - INFO - ğŸ” Searching: ì„œìš¸ í”¼ë¶€ê´€ë¦¬ìƒµ
2026-01-20 17:01:09,910 - INFO - Found 0 list items. Extracting basic info...
2026-01-20 17:01:10,067 - INFO - âœ… Finished. Total saved: 0

--- NEW ENGINE RUN: 2026-01-20 17:04:29 (Target: ì„œìš¸, Count: 2000) ---
Progress: 0/2000
2026-01-20 17:04:33,049 - INFO - ğŸŒ Using Playwright bundled browser
2026-01-20 17:04:34,247 - INFO - ğŸ” Searching: ì„œìš¸ í”¼ë¶€ê´€ë¦¬ìƒµ
2026-01-20 17:04:40,898 - INFO - ğŸ” Found 0 potential shops. Starting detail extraction...
2026-01-20 17:04:41,040 - INFO - âœ… Finished. Total saved: 0

--- NEW ENGINE RUN: 2026-01-20 17:05:04 (Target: ì„œìš¸, Count: 2000) ---
Progress: 0/2000
2026-01-20 17:05:07,501 - INFO - ğŸŒ Using Playwright bundled browser
2026-01-20 17:05:08,114 - INFO - ğŸ” Searching: ì„œìš¸ í”¼ë¶€ê´€ë¦¬ìƒµ
2026-01-20 17:05:15,460 - INFO - ğŸ” Found 0 potential shops. Starting detail extraction...
2026-01-20 17:05:15,582 - INFO - âœ… Finished. Total saved: 0

--- NEW ENGINE RUN: 2026-01-20 17:07:11 (Target: ì„œìš¸, Count: 2000) ---
Progress: 0/2000
2026-01-20 17:07:14,696 - INFO - ğŸŒ Using Playwright bundled browser
2026-01-20 17:07:15,272 - INFO - ğŸ” Searching: ì„œìš¸ í”¼ë¶€ê´€ë¦¬ìƒµ
2026-01-20 17:07:20,905 - INFO - ğŸ–±ï¸ Scrolling to load all items...
2026-01-20 17:07:22,399 - INFO -   .. scrolled 0 times
2026-01-20 17:07:25,892 - INFO - ğŸ” Found 0 potential shops. Starting detail extraction...
2026-01-20 17:07:25,892 - INFO - ğŸ“ Scheduled 0 shops for detail extraction.
2026-01-20 17:07:26,033 - INFO - âœ… Finished. Total saved: 0
<<<<<<< HEAD

--- NEW ENGINE RUN: 2026-01-21 12:42:29 (Target: ì„œìš¸, Count: 2000) ---
Progress: 0/2000
2026-01-21 12:42:41,962 - INFO - ğŸŒ Using Playwright bundled browser
2026-01-21 12:42:41,977 - ERROR - Failed to launch browser: BrowserType.launch: Executable doesn't exist at C:\Users\chiuk\AppData\Local\ms-playwright\chromium_headless_shell-1200\chrome-headless-shell-win64\chrome-headless-shell.exe
â•”â•â•â•â•â•â•â•â•â•â•â•â•â•â•â•â•â•â•â•â•â•â•â•â•â•â•â•â•â•â•â•â•â•â•â•â•â•â•â•â•â•â•â•â•â•â•â•â•â•â•â•â•â•â•â•â•â•â•â•â•â•—
â•‘ Looks like Playwright was just installed or updated.       â•‘
â•‘ Please run the following command to download new browsers: â•‘
â•‘                                                            â•‘
â•‘     playwright install                                     â•‘
â•‘                                                            â•‘
â•‘ <3 Playwright Team                                         â•‘
â•šâ•â•â•â•â•â•â•â•â•â•â•â•â•â•â•â•â•â•â•â•â•â•â•â•â•â•â•â•â•â•â•â•â•â•â•â•â•â•â•â•â•â•â•â•â•â•â•â•â•â•â•â•â•â•â•â•â•â•â•â•â•
CRITICAL ERROR: BrowserType.launch: Executable doesn't exist at C:\Users\chiuk\AppData\Local\ms-playwright\chromium_headless_shell-1200\chrome-headless-shell-win64\chrome-headless-shell.exe
â•”â•â•â•â•â•â•â•â•â•â•â•â•â•â•â•â•â•â•â•â•â•â•â•â•â•â•â•â•â•â•â•â•â•â•â•â•â•â•â•â•â•â•â•â•â•â•â•â•â•â•â•â•â•â•â•â•â•â•â•â•â•—
â•‘ Looks like Playwright was just installed or updated.       â•‘
â•‘ Please run the following command to download new browsers: â•‘
â•‘                                                            â•‘
â•‘     playwright install                                     â•‘
â•‘                                                            â•‘
â•‘ <3 Playwright Team                                         â•‘
â•šâ•â•â•â•â•â•â•â•â•â•â•â•â•â•â•â•â•â•â•â•â•â•â•â•â•â•â•â•â•â•â•â•â•â•â•â•â•â•â•â•â•â•â•â•â•â•â•â•â•â•â•â•â•â•â•â•â•â•â•â•â•
2026-01-21 12:42:41,996 - ERROR - Engine crashed: BrowserType.launch: Executable doesn't exist at C:\Users\chiuk\AppData\Local\ms-playwright\chromium_headless_shell-1200\chrome-headless-shell-win64\chrome-headless-shell.exe
â•”â•â•â•â•â•â•â•â•â•â•â•â•â•â•â•â•â•â•â•â•â•â•â•â•â•â•â•â•â•â•â•â•â•â•â•â•â•â•â•â•â•â•â•â•â•â•â•â•â•â•â•â•â•â•â•â•â•â•â•â•â•—
â•‘ Looks like Playwright was just installed or updated.       â•‘
â•‘ Please run the following command to download new browsers: â•‘
â•‘                                                            â•‘
â•‘     playwright install                                     â•‘
â•‘                                                            â•‘
â•‘ <3 Playwright Team                                         â•‘
â•šâ•â•â•â•â•â•â•â•â•â•â•â•â•â•â•â•â•â•â•â•â•â•â•â•â•â•â•â•â•â•â•â•â•â•â•â•â•â•â•â•â•â•â•â•â•â•â•â•â•â•â•â•â•â•â•â•â•â•â•â•â•

--- NEW ENGINE RUN: 2026-01-21 13:29:27 (Target: ì„œìš¸, Count: 2000) ---
Progress: 0/2000
2026-01-21 13:29:31,260 - INFO - ğŸŒ Using Playwright bundled browser
2026-01-21 13:29:31,526 - INFO - ğŸ” Searching: ì„œìš¸ í”¼ë¶€ê´€ë¦¬ìƒµ
2026-01-21 13:29:38,732 - INFO - ğŸ–±ï¸ Scrolling to load all items...
2026-01-21 13:29:40,484 - INFO -   .. scrolled 0 times
2026-01-21 13:29:44,327 - INFO - ğŸ” Found 0 potential shops. Starting detail extraction...
2026-01-21 13:29:44,327 - INFO - ğŸ“ Scheduled 0 shops for detail extraction.
2026-01-21 13:29:44,423 - INFO - âœ… Finished. Total saved: 0
=======
>>>>>>> 2f609049549d6262236923fd59ef1d3eb9c885f8

--- NEW ENGINE RUN: 2026-01-22 16:27:38 (Target: ì„œìš¸, Count: 2000) ---
Progress: 0/2000
2026-01-22 16:27:42,748 - INFO - ğŸŒ Using Playwright bundled browser
2026-01-22 16:27:44,839 - INFO - ğŸ­ Using User-Agent: Mozilla/5.0 (Macintosh; Intel Mac OS X 10_15_7) AppleWebKit/605.1.15 (KHTML, like Gecko) Version/14.1.1 Safari/605.1.15
2026-01-22 16:27:45,280 - INFO - ğŸ•µï¸ Activating Playwright Stealth Mode...
2026-01-22 16:27:45,432 - INFO - ğŸ” Searching: ì„œìš¸ í”¼ë¶€ê´€ë¦¬ìƒµ
2026-01-22 16:27:54,345 - INFO - ğŸ—ºï¸ Map view detected via 'a:has-text('ëª©ë¡ë³´ê¸°')'. Switching to list view...
2026-01-22 16:27:58,267 - INFO - ğŸ–±ï¸ Scrolling to load all items...
2026-01-22 16:27:59,495 - INFO -   .. scrolled 0 times
2026-01-22 16:28:04,808 - INFO - âœ… Found list using selector: li.VLTHu
2026-01-22 16:28:04,808 - INFO - ğŸ” Found 100 potential shops. Starting detail extraction...
2026-01-22 16:28:15,054 - INFO - ğŸ“ Scheduled 100 shops for detail extraction.
2026-01-22 16:28:15,054 - INFO - ğŸ” Visiting detail page: ì´ë¯¸ì§€ìˆ˜9
2026-01-22 16:28:21,373 - INFO - Firebase Firestore initialized successfully
2026-01-22 16:28:22,752 - INFO - Successfully saved shop to Firebase: ìˆ˜í”¼ë¶€ê´€ë¦¬ìƒµ í™”ê³¡ì 
2026-01-22 16:28:22,752 - INFO - âœ… Firebase Saved: ìˆ˜í”¼ë¶€ê´€ë¦¬ìƒµ í™”ê³¡ì 
Progress: 1/2000
2026-01-22 16:28:22,752 - INFO - âœ… Saved (1/2000): ìˆ˜í”¼ë¶€ê´€ë¦¬ìƒµ í™”ê³¡ì 
2026-01-22 16:28:22,752 - INFO - â³ Waiting 30.5s before next shop...
2026-01-22 16:28:53,209 - INFO - ğŸ” Visiting detail page: ì´ë¯¸ì§€ìˆ˜18
2026-01-22 16:28:59,029 - INFO - Firebase Firestore initialized successfully
2026-01-22 16:28:59,134 - INFO - Successfully saved shop to Firebase: JNLì—ìŠ¤í…Œí‹± ë©´ëª©
2026-01-22 16:28:59,135 - INFO - âœ… Firebase Saved: JNLì—ìŠ¤í…Œí‹± ë©´ëª©
Progress: 2/2000
2026-01-22 16:28:59,135 - INFO - âœ… Saved (2/2000): JNLì—ìŠ¤í…Œí‹± ë©´ëª©
2026-01-22 16:28:59,135 - INFO - â³ Waiting 29.1s before next shop...
2026-01-22 16:29:28,208 - INFO - ğŸ” Visiting detail page: ì´ë¯¸ì§€ìˆ˜3
2026-01-22 16:29:35,799 - INFO - Firebase Firestore initialized successfully
2026-01-22 16:29:35,905 - INFO - Successfully saved shop to Firebase: ë¯¸ì„ ì—ìŠ¤ë–¼ í”¼ë¶€ê´€ë¦¬ìƒµ
2026-01-22 16:29:35,905 - INFO - âœ… Firebase Saved: ë¯¸ì„ ì—ìŠ¤ë–¼ í”¼ë¶€ê´€ë¦¬ìƒµ
Progress: 3/2000
2026-01-22 16:29:35,905 - INFO - âœ… Saved (3/2000): ë¯¸ì„ ì—ìŠ¤ë–¼ í”¼ë¶€ê´€ë¦¬ìƒµ
2026-01-22 16:29:35,905 - INFO - â³ Waiting 44.8s before next shop...
2026-01-22 16:30:20,756 - INFO - ğŸ” Visiting detail page: ì´ë¯¸ì§€ìˆ˜11
2026-01-22 16:30:26,483 - INFO - Firebase Firestore initialized successfully
2026-01-22 16:30:26,584 - INFO - Successfully saved shop to Firebase: ì‰¼ í”¼ë¶€ê´€ë¦¬ìƒµ
2026-01-22 16:30:26,584 - INFO - âœ… Firebase Saved: ì‰¼ í”¼ë¶€ê´€ë¦¬ìƒµ
Progress: 4/2000
2026-01-22 16:30:26,584 - INFO - âœ… Saved (4/2000): ì‰¼ í”¼ë¶€ê´€ë¦¬ìƒµ
2026-01-22 16:30:26,584 - INFO - â³ Waiting 27.4s before next shop...
2026-01-22 16:30:53,969 - INFO - ğŸ” Visiting detail page: ì´ë¯¸ì§€ìˆ˜3
2026-01-22 16:31:01,354 - INFO - Firebase Firestore initialized successfully
2026-01-22 16:31:01,448 - INFO - Successfully saved shop to Firebase: ë‹´ìŸì´í”¼ë¶€ê´€ë¦¬ìƒµ
2026-01-22 16:31:01,448 - INFO - âœ… Firebase Saved: ë‹´ìŸì´í”¼ë¶€ê´€ë¦¬ìƒµ
Progress: 5/2000
2026-01-22 16:31:01,448 - INFO - âœ… Saved (5/2000): ë‹´ìŸì´í”¼ë¶€ê´€ë¦¬ìƒµ
2026-01-22 16:31:01,448 - INFO - â³ Waiting 38.5s before next shop...
2026-01-22 16:31:39,918 - INFO - ğŸ” Visiting detail page: ì´ë¯¸ì§€ìˆ˜2
2026-01-22 16:31:45,828 - INFO - Firebase Firestore initialized successfully
2026-01-22 16:31:45,918 - INFO - Successfully saved shop to Firebase: ë¯¼í”¼ë¶€ê´€ë¦¬ìƒµ
2026-01-22 16:31:45,918 - INFO - âœ… Firebase Saved: ë¯¼í”¼ë¶€ê´€ë¦¬ìƒµ
Progress: 6/2000
2026-01-22 16:31:45,918 - INFO - âœ… Saved (6/2000): ë¯¼í”¼ë¶€ê´€ë¦¬ìƒµ
2026-01-22 16:31:45,918 - INFO - â³ Waiting 55.2s before next shop...
2026-01-22 16:32:41,087 - INFO - ğŸ” Visiting detail page: ì´ë¯¸ì§€ìˆ˜4
2026-01-22 16:32:46,607 - INFO - Firebase Firestore initialized successfully
2026-01-22 16:32:46,715 - INFO - Successfully saved shop to Firebase: ìƒ¤ë¡ í”¼ë¶€ê´€ë¦¬
2026-01-22 16:32:46,715 - INFO - âœ… Firebase Saved: ìƒ¤ë¡ í”¼ë¶€ê´€ë¦¬
Progress: 7/2000
2026-01-22 16:32:46,716 - INFO - âœ… Saved (7/2000): ìƒ¤ë¡ í”¼ë¶€ê´€ë¦¬
2026-01-22 16:32:46,716 - INFO - â³ Waiting 27.6s before next shop...
2026-01-22 16:33:14,357 - INFO - ğŸ” Visiting detail page: Shop_1536556921
2026-01-22 16:33:21,051 - INFO - Firebase Firestore initialized successfully
2026-01-22 16:33:21,166 - INFO - Successfully saved shop to Firebase: ì†”í–¥ê¸°í”¼ë¶€ê´€ë¦¬ìƒµ
2026-01-22 16:33:21,166 - INFO - âœ… Firebase Saved: ì†”í–¥ê¸°í”¼ë¶€ê´€ë¦¬ìƒµ
Progress: 8/2000
2026-01-22 16:33:21,167 - INFO - âœ… Saved (8/2000): ì†”í–¥ê¸°í”¼ë¶€ê´€ë¦¬ìƒµ
2026-01-22 16:33:21,167 - INFO - â³ Waiting 64.2s before next shop...
2026-01-22 16:34:25,396 - INFO - ğŸ” Visiting detail page: ë¼ì¸íë§í”¼ë¶€ê´€ë¦¬ìƒµí”¼ë¶€,ì²´í˜•ê´€ë¦¬
2026-01-22 16:34:33,543 - INFO - Firebase Firestore initialized successfully
2026-01-22 16:34:33,650 - INFO - Successfully saved shop to Firebase: ë¼ì¸íë§í”¼ë¶€ê´€ë¦¬ìƒµ
2026-01-22 16:34:33,651 - INFO - âœ… Firebase Saved: ë¼ì¸íë§í”¼ë¶€ê´€ë¦¬ìƒµ
Progress: 9/2000
2026-01-22 16:34:33,651 - INFO - âœ… Saved (9/2000): ë¼ì¸íë§í”¼ë¶€ê´€ë¦¬ìƒµ
2026-01-22 16:34:33,651 - INFO - â³ Waiting 54.3s before next shop...
2026-01-22 16:35:27,928 - INFO - ğŸ” Visiting detail page: ì´ë¯¸ì§€ìˆ˜2
2026-01-22 16:35:35,632 - INFO - Firebase Firestore initialized successfully
2026-01-22 16:35:35,757 - INFO - Successfully saved shop to Firebase: ìƒ¤ë¡ í”¼ë¶€ë¯¸ìš©
2026-01-22 16:35:35,757 - INFO - âœ… Firebase Saved: ìƒ¤ë¡ í”¼ë¶€ë¯¸ìš©
Progress: 10/2000
2026-01-22 16:35:35,757 - INFO - âœ… Saved (10/2000): ìƒ¤ë¡ í”¼ë¶€ë¯¸ìš©
2026-01-22 16:35:35,757 - INFO - â³ Waiting 45.7s before next shop...
2026-01-22 16:36:21,498 - INFO - ğŸ” Visiting detail page: Shop_34356416
2026-01-22 16:36:27,213 - INFO - Firebase Firestore initialized successfully
2026-01-22 16:36:27,315 - INFO - Successfully saved shop to Firebase: ê¶Œí”¼ë¶€ê´€ë¦¬ìƒµ
2026-01-22 16:36:27,315 - INFO - âœ… Firebase Saved: ê¶Œí”¼ë¶€ê´€ë¦¬ìƒµ
Progress: 11/2000
2026-01-22 16:36:27,315 - INFO - âœ… Saved (11/2000): ê¶Œí”¼ë¶€ê´€ë¦¬ìƒµ
2026-01-22 16:36:27,315 - INFO - â³ Waiting 65.9s before next shop...
2026-01-22 16:37:33,245 - INFO - ğŸ” Visiting detail page: ì •ì•¤ì •í”¼ë¶€ê´€ë¦¬ì‹¤í”¼ë¶€,ì²´í˜•ê´€ë¦¬
2026-01-22 16:37:41,265 - INFO - Firebase Firestore initialized successfully
2026-01-22 16:37:41,380 - INFO - Successfully saved shop to Firebase: ì •ì•¤ì •í”¼ë¶€ê´€ë¦¬ì‹¤
2026-01-22 16:37:41,380 - INFO - âœ… Firebase Saved: ì •ì•¤ì •í”¼ë¶€ê´€ë¦¬ì‹¤
Progress: 12/2000
2026-01-22 16:37:41,380 - INFO - âœ… Saved (12/2000): ì •ì•¤ì •í”¼ë¶€ê´€ë¦¬ì‹¤
2026-01-22 16:37:41,380 - INFO - â³ Waiting 20.8s before next shop...
2026-01-22 16:38:02,229 - INFO - ğŸ” Visiting detail page: ì´ë¯¸ì§€ìˆ˜4
2026-01-22 16:38:09,312 - INFO - Firebase Firestore initialized successfully
2026-01-22 16:38:09,418 - INFO - Successfully saved shop to Firebase: ì•„ë¸ë¼í”¼ë¶€ê´€ë¦¬ìƒµ
2026-01-22 16:38:09,418 - INFO - âœ… Firebase Saved: ì•„ë¸ë¼í”¼ë¶€ê´€ë¦¬ìƒµ
Progress: 13/2000
2026-01-22 16:38:09,418 - INFO - âœ… Saved (13/2000): ì•„ë¸ë¼í”¼ë¶€ê´€ë¦¬ìƒµ
2026-01-22 16:38:09,418 - INFO - â³ Waiting 59.4s before next shop...
2026-01-22 16:39:08,824 - INFO - ğŸ” Visiting detail page: ëª…ë™í”¼ë¶€ìƒµí”¼ë¶€,ì²´í˜•ê´€ë¦¬
2026-01-22 16:39:14,227 - INFO - Firebase Firestore initialized successfully
2026-01-22 16:39:14,330 - INFO - Successfully saved shop to Firebase: ëª…ë™í”¼ë¶€ìƒµ
2026-01-22 16:39:14,330 - INFO - âœ… Firebase Saved: ëª…ë™í”¼ë¶€ìƒµ
Progress: 14/2000
2026-01-22 16:39:14,330 - INFO - âœ… Saved (14/2000): ëª…ë™í”¼ë¶€ìƒµ
2026-01-22 16:39:14,330 - INFO - â³ Waiting 62.7s before next shop...
2026-01-22 16:40:17,012 - INFO - ğŸ” Visiting detail page: ê¹€ì¶”ìí”¼ë¶€ê´€ë¦¬ìƒµí”¼ë¶€,ì²´í˜•ê´€ë¦¬
2026-01-22 16:40:23,611 - INFO - Firebase Firestore initialized successfully
2026-01-22 16:40:23,783 - INFO - Successfully saved shop to Firebase: ê¹€ì¶”ìí”¼ë¶€ê´€ë¦¬ìƒµ
2026-01-22 16:40:23,784 - INFO - âœ… Firebase Saved: ê¹€ì¶”ìí”¼ë¶€ê´€ë¦¬ìƒµ
Progress: 15/2000
2026-01-22 16:40:23,784 - INFO - âœ… Saved (15/2000): ê¹€ì¶”ìí”¼ë¶€ê´€ë¦¬ìƒµ
2026-01-22 16:40:23,784 - INFO - â³ Waiting 55.3s before next shop...
2026-01-22 16:41:19,064 - INFO - ğŸ” Visiting detail page: ì´ë¯¸ì§€ìˆ˜38
2026-01-22 16:41:24,292 - INFO - Firebase Firestore initialized successfully
2026-01-22 16:41:24,384 - INFO - Successfully saved shop to Firebase: ì¹´ì‹œì•„íƒ€ì´ë§ˆì‚¬ì§€ í™ëŒ€ë³¸ì 
2026-01-22 16:41:24,384 - INFO - âœ… Firebase Saved: ì¹´ì‹œì•„íƒ€ì´ë§ˆì‚¬ì§€ í™ëŒ€ë³¸ì 
Progress: 16/2000
2026-01-22 16:41:24,384 - INFO - âœ… Saved (16/2000): ì¹´ì‹œì•„íƒ€ì´ë§ˆì‚¬ì§€ í™ëŒ€ë³¸ì 
2026-01-22 16:41:24,384 - INFO - â³ Waiting 53.4s before next shop...
2026-01-22 16:42:17,841 - INFO - ğŸ” Visiting detail page: ì´ë¯¸ì§€ìˆ˜12
2026-01-22 16:42:25,132 - INFO - Firebase Firestore initialized successfully
2026-01-22 16:42:25,226 - INFO - Successfully saved shop to Firebase: ì¸ìƒë§ˆì‚¬ì§€ ì‹ ë„ë¦¼ì 
2026-01-22 16:42:25,226 - INFO - âœ… Firebase Saved: ì¸ìƒë§ˆì‚¬ì§€ ì‹ ë„ë¦¼ì 
Progress: 17/2000
2026-01-22 16:42:25,226 - INFO - âœ… Saved (17/2000): ì¸ìƒë§ˆì‚¬ì§€ ì‹ ë„ë¦¼ì 
2026-01-22 16:42:25,226 - INFO - â³ Waiting 54.6s before next shop...
2026-01-22 16:43:19,854 - INFO - ğŸ” Visiting detail page: ì´ë¯¸ì§€ìˆ˜37
2026-01-22 16:43:24,990 - INFO - Firebase Firestore initialized successfully
2026-01-22 16:43:25,089 - INFO - Successfully saved shop to Firebase: í”„ë¡¬ë¯¸ ê°•ë‚¨ë³¸ì 
2026-01-22 16:43:25,090 - INFO - âœ… Firebase Saved: í”„ë¡¬ë¯¸ ê°•ë‚¨ë³¸ì 
Progress: 18/2000
2026-01-22 16:43:25,090 - INFO - âœ… Saved (18/2000): í”„ë¡¬ë¯¸ ê°•ë‚¨ë³¸ì 
2026-01-22 16:43:25,090 - INFO - â³ Waiting 37.2s before next shop...
2026-01-22 16:44:02,319 - INFO - ğŸ” Visiting detail page: ì´ë¯¸ì§€ìˆ˜16
2026-01-22 16:44:09,217 - INFO - Firebase Firestore initialized successfully
2026-01-22 16:44:09,321 - INFO - Successfully saved shop to Firebase: ê¹€ì„œí¬ê±´ê°•ì—°êµ¬ì†Œ
2026-01-22 16:44:09,321 - INFO - âœ… Firebase Saved: ê¹€ì„œí¬ê±´ê°•ì—°êµ¬ì†Œ
Progress: 19/2000
2026-01-22 16:44:09,321 - INFO - âœ… Saved (19/2000): ê¹€ì„œí¬ê±´ê°•ì—°êµ¬ì†Œ
2026-01-22 16:44:09,321 - INFO - â³ Waiting 24.8s before next shop...
2026-01-22 16:44:34,171 - INFO - ğŸ” Visiting detail page: ì´ë¯¸ì§€ìˆ˜63
2026-01-22 16:44:40,764 - INFO - Firebase Firestore initialized successfully
2026-01-22 16:44:40,875 - INFO - Successfully saved shop to Firebase: ë°”ë””íŠ  ë§ˆì‚¬ì§€ì‚´ë¡± ì˜¤ëª©êµì—­ì 
2026-01-22 16:44:40,875 - INFO - âœ… Firebase Saved: ë°”ë””íŠ  ë§ˆì‚¬ì§€ì‚´ë¡± ì˜¤ëª©êµì—­ì 
Progress: 20/2000
2026-01-22 16:44:40,876 - INFO - âœ… Saved (20/2000): ë°”ë””íŠ  ë§ˆì‚¬ì§€ì‚´ë¡± ì˜¤ëª©êµì—­ì 
2026-01-22 16:44:40,876 - INFO - â³ Waiting 45.7s before next shop...
2026-01-22 16:45:26,589 - INFO - ğŸ” Visiting detail page: ì´ë¯¸ì§€ìˆ˜12
2026-01-22 16:45:32,434 - INFO - Firebase Firestore initialized successfully
2026-01-22 16:45:32,531 - INFO - Successfully saved shop to Firebase: ë”í’‹ìƒµë§ˆì‚¬ì§€ ë¬¸ì •ë²•ì¡°íƒ€ìš´ì 
2026-01-22 16:45:32,531 - INFO - âœ… Firebase Saved: ë”í’‹ìƒµë§ˆì‚¬ì§€ ë¬¸ì •ë²•ì¡°íƒ€ìš´ì 
Progress: 21/2000
2026-01-22 16:45:32,531 - INFO - âœ… Saved (21/2000): ë”í’‹ìƒµë§ˆì‚¬ì§€ ë¬¸ì •ë²•ì¡°íƒ€ìš´ì 
2026-01-22 16:45:32,531 - INFO - â³ Waiting 42.1s before next shop...
2026-01-22 16:46:14,663 - INFO - ğŸ” Visiting detail page: ì´ë¯¸ì§€ìˆ˜103
2026-01-22 16:46:20,021 - INFO - Firebase Firestore initialized successfully
2026-01-22 16:46:20,125 - INFO - Successfully saved shop to Firebase: ì— í…Œë¼í”¼ ë§ˆì‚¬ì§€ ë¬¸ì •ë³¸ì 
2026-01-22 16:46:20,125 - INFO - âœ… Firebase Saved: ì— í…Œë¼í”¼ ë§ˆì‚¬ì§€ ë¬¸ì •ë³¸ì 
Progress: 22/2000
2026-01-22 16:46:20,125 - INFO - âœ… Saved (22/2000): ì— í…Œë¼í”¼ ë§ˆì‚¬ì§€ ë¬¸ì •ë³¸ì 
2026-01-22 16:46:20,125 - INFO - â³ Waiting 53.3s before next shop...
2026-01-22 16:47:13,427 - INFO - ğŸ” Visiting detail page: ì´ë¯¸ì§€ìˆ˜24
2026-01-22 16:47:19,740 - INFO - Firebase Firestore initialized successfully
2026-01-22 16:47:19,840 - INFO - Successfully saved shop to Firebase: ë²¨ë¼ì¸ ì—ìŠ¤í…Œí‹± ê°•ë‚¨ì„ ë¦‰ì 
2026-01-22 16:47:19,840 - INFO - âœ… Firebase Saved: ë²¨ë¼ì¸ ì—ìŠ¤í…Œí‹± ê°•ë‚¨ì„ ë¦‰ì 
Progress: 23/2000
2026-01-22 16:47:19,840 - INFO - âœ… Saved (23/2000): ë²¨ë¼ì¸ ì—ìŠ¤í…Œí‹± ê°•ë‚¨ì„ ë¦‰ì 
2026-01-22 16:47:19,840 - INFO - â³ Waiting 42.5s before next shop...
2026-01-22 16:48:02,343 - INFO - ğŸ” Visiting detail page: ì´ë¯¸ì§€ìˆ˜12
2026-01-22 16:48:09,454 - INFO - Firebase Firestore initialized successfully
2026-01-22 16:48:09,557 - INFO - Successfully saved shop to Firebase: ë¯¸ë¥´í…Œ ë°”ì´ í˜œì •
2026-01-22 16:48:09,558 - INFO - âœ… Firebase Saved: ë¯¸ë¥´í…Œ ë°”ì´ í˜œì •
Progress: 24/2000
2026-01-22 16:48:09,558 - INFO - âœ… Saved (24/2000): ë¯¸ë¥´í…Œ ë°”ì´ í˜œì •
2026-01-22 16:48:09,558 - INFO - â³ Waiting 34.2s before next shop...
2026-01-22 16:48:43,734 - INFO - ğŸ” Visiting detail page: ì´ë¯¸ì§€ìˆ˜65
2026-01-22 16:48:49,266 - INFO - Firebase Firestore initialized successfully
2026-01-22 16:48:49,370 - INFO - Successfully saved shop to Firebase: ë”í•˜ë…¸ì´í’‹ì•¤ë°”ë”” ëª©ë™41íƒ€ì›Œì 
2026-01-22 16:48:49,370 - INFO - âœ… Firebase Saved: ë”í•˜ë…¸ì´í’‹ì•¤ë°”ë”” ëª©ë™41íƒ€ì›Œì 
Progress: 25/2000
2026-01-22 16:48:49,370 - INFO - âœ… Saved (25/2000): ë”í•˜ë…¸ì´í’‹ì•¤ë°”ë”” ëª©ë™41íƒ€ì›Œì 
2026-01-22 16:48:49,370 - INFO - â³ Waiting 58.1s before next shop...
2026-01-22 16:49:47,473 - INFO - ğŸ” Visiting detail page: ì´ë¯¸ì§€ìˆ˜36
2026-01-22 16:49:52,827 - INFO - Firebase Firestore initialized successfully
2026-01-22 16:49:52,916 - INFO - Successfully saved shop to Firebase: ë¼ìš´ì§€ìŠ¤íŒŒ ë§ˆì‚¬ì§€ ë§ˆê³¡ë³¸ì 
2026-01-22 16:49:52,916 - INFO - âœ… Firebase Saved: ë¼ìš´ì§€ìŠ¤íŒŒ ë§ˆì‚¬ì§€ ë§ˆê³¡ë³¸ì 
Progress: 26/2000
2026-01-22 16:49:52,916 - INFO - âœ… Saved (26/2000): ë¼ìš´ì§€ìŠ¤íŒŒ ë§ˆì‚¬ì§€ ë§ˆê³¡ë³¸ì 
2026-01-22 16:49:52,916 - INFO - â³ Waiting 31.8s before next shop...
2026-01-22 16:50:24,714 - INFO - ğŸ” Visiting detail page: ì´ë¯¸ì§€ìˆ˜16
2026-01-22 16:50:31,860 - INFO - Firebase Firestore initialized successfully
2026-01-22 16:50:31,951 - INFO - Successfully saved shop to Firebase: ì„ ì—ìŠ¤í…ŒìŠ¤íŒŒ ë§ˆê³¡ì 
2026-01-22 16:50:31,951 - INFO - âœ… Firebase Saved: ì„ ì—ìŠ¤í…ŒìŠ¤íŒŒ ë§ˆê³¡ì 
Progress: 27/2000
2026-01-22 16:50:31,951 - INFO - âœ… Saved (27/2000): ì„ ì—ìŠ¤í…ŒìŠ¤íŒŒ ë§ˆê³¡ì 
2026-01-22 16:50:31,951 - INFO - â³ Waiting 63.0s before next shop...
2026-01-22 16:51:34,996 - INFO - ğŸ” Visiting detail page: ì´ë¯¸ì§€ìˆ˜23
2026-01-22 16:51:41,113 - INFO - Firebase Firestore initialized successfully
2026-01-22 16:51:41,213 - INFO - Successfully saved shop to Firebase: ì²­ì‹¬ì¬ìŠ¤íŒŒ í™”ê³¡ë³¸ì 
2026-01-22 16:51:41,213 - INFO - âœ… Firebase Saved: ì²­ì‹¬ì¬ìŠ¤íŒŒ í™”ê³¡ë³¸ì 
Progress: 28/2000
2026-01-22 16:51:41,213 - INFO - âœ… Saved (28/2000): ì²­ì‹¬ì¬ìŠ¤íŒŒ í™”ê³¡ë³¸ì 
2026-01-22 16:51:41,213 - INFO - â³ Waiting 66.4s before next shop...
2026-01-22 16:52:47,571 - INFO - ğŸ” Visiting detail page: ì´ë¯¸ì§€ìˆ˜68
2026-01-22 16:52:54,775 - INFO - Firebase Firestore initialized successfully
2026-01-22 16:52:54,880 - INFO - Successfully saved shop to Firebase: ì˜¨ì—ìŠ¤í…Œí‹± ì••êµ¬ì •ì 
2026-01-22 16:52:54,880 - INFO - âœ… Firebase Saved: ì˜¨ì—ìŠ¤í…Œí‹± ì••êµ¬ì •ì 
Progress: 29/2000
2026-01-22 16:52:54,880 - INFO - âœ… Saved (29/2000): ì˜¨ì—ìŠ¤í…Œí‹± ì••êµ¬ì •ì 
2026-01-22 16:52:54,880 - INFO - â³ Waiting 32.6s before next shop...
2026-01-22 16:53:27,531 - INFO - ğŸ” Visiting detail page: ì´ë¯¸ì§€ìˆ˜10
2026-01-22 16:53:33,564 - INFO - Firebase Firestore initialized successfully
2026-01-22 16:53:33,660 - INFO - Successfully saved shop to Firebase: ë”ë¡ì‹œ ë…¼í˜„ì 
2026-01-22 16:53:33,660 - INFO - âœ… Firebase Saved: ë”ë¡ì‹œ ë…¼í˜„ì 
Progress: 30/2000
2026-01-22 16:53:33,660 - INFO - âœ… Saved (30/2000): ë”ë¡ì‹œ ë…¼í˜„ì 
2026-01-22 16:53:33,660 - INFO - â³ Waiting 27.6s before next shop...
2026-01-22 16:54:01,280 - INFO - ğŸ” Visiting detail page: ì´ë¯¸ì§€ìˆ˜69
2026-01-22 16:54:07,609 - INFO - Firebase Firestore initialized successfully
2026-01-22 16:54:07,703 - INFO - Successfully saved shop to Firebase: ë§ˆê³¡ë§ˆì‚¬ì§€ ë¼ë³´ë–¼í…Œë¼í”¼ ë§ˆê³¡ë³¸ì 
2026-01-22 16:54:07,703 - INFO - âœ… Firebase Saved: ë§ˆê³¡ë§ˆì‚¬ì§€ ë¼ë³´ë–¼í…Œë¼í”¼ ë§ˆê³¡ë³¸ì 
Progress: 31/2000
2026-01-22 16:54:07,703 - INFO - âœ… Saved (31/2000): ë§ˆê³¡ë§ˆì‚¬ì§€ ë¼ë³´ë–¼í…Œë¼í”¼ ë§ˆê³¡ë³¸ì 
2026-01-22 16:54:07,703 - INFO - â³ Waiting 34.1s before next shop...
2026-01-22 16:54:41,827 - INFO - ğŸ” Visiting detail page: ì´ë¯¸ì§€ìˆ˜3
2026-01-22 16:54:48,993 - INFO - Firebase Firestore initialized successfully
2026-01-22 16:54:49,095 - INFO - Successfully saved shop to Firebase: ì—ìŠ¤í…Œí‹±ê³µê°„
2026-01-22 16:54:49,095 - INFO - âœ… Firebase Saved: ì—ìŠ¤í…Œí‹±ê³µê°„
Progress: 32/2000
2026-01-22 16:54:49,095 - INFO - âœ… Saved (32/2000): ì—ìŠ¤í…Œí‹±ê³µê°„
2026-01-22 16:54:49,095 - INFO - â³ Waiting 28.4s before next shop...
2026-01-22 16:55:17,490 - INFO - ğŸ” Visiting detail page: ì´ë¯¸ì§€ìˆ˜108
2026-01-22 16:55:23,253 - INFO - Firebase Firestore initialized successfully
2026-01-22 16:55:23,347 - INFO - Successfully saved shop to Firebase: ìŠ¤íŒŒë¼ì—˜ ëª¬ë“œë¦¬ì•ˆí˜¸í…”ì  ë°”ì´ ë°”ë””íŠ  ë§ˆì‚¬ì§€ì‚´ë¡±
2026-01-22 16:55:23,347 - INFO - âœ… Firebase Saved: ìŠ¤íŒŒë¼ì—˜ ëª¬ë“œë¦¬ì•ˆí˜¸í…”ì  ë°”ì´ ë°”ë””íŠ  ë§ˆì‚¬ì§€ì‚´ë¡±
Progress: 33/2000
2026-01-22 16:55:23,347 - INFO - âœ… Saved (33/2000): ìŠ¤íŒŒë¼ì—˜ ëª¬ë“œë¦¬ì•ˆí˜¸í…”ì  ë°”ì´ ë°”ë””íŠ  ë§ˆì‚¬ì§€ì‚´ë¡±
2026-01-22 16:55:23,347 - INFO - â³ Waiting 67.5s before next shop...
2026-01-22 16:56:30,884 - INFO - ğŸ” Visiting detail page: ì´ë¯¸ì§€ìˆ˜86
2026-01-22 16:56:36,992 - INFO - Firebase Firestore initialized successfully
2026-01-22 16:56:37,098 - INFO - Successfully saved shop to Firebase: ì˜¨ì—ìŠ¤í…Œí‹± ì„ ë¦‰ì 
2026-01-22 16:56:37,098 - INFO - âœ… Firebase Saved: ì˜¨ì—ìŠ¤í…Œí‹± ì„ ë¦‰ì 
Progress: 34/2000
2026-01-22 16:56:37,098 - INFO - âœ… Saved (34/2000): ì˜¨ì—ìŠ¤í…Œí‹± ì„ ë¦‰ì 
2026-01-22 16:56:37,098 - INFO - â³ Waiting 26.2s before next shop...
2026-01-22 16:57:03,261 - INFO - ğŸ” Visiting detail page: ì´ë¯¸ì§€ìˆ˜8
2026-01-22 16:57:09,766 - INFO - Firebase Firestore initialized successfully
2026-01-22 16:57:09,875 - INFO - Successfully saved shop to Firebase: í“¨ë¦¬ì— ì—ìŠ¤í…Œí‹± ë™ì—¬ì˜ë„ì 
2026-01-22 16:57:09,875 - INFO - âœ… Firebase Saved: í“¨ë¦¬ì— ì—ìŠ¤í…Œí‹± ë™ì—¬ì˜ë„ì 
Progress: 35/2000
2026-01-22 16:57:09,876 - INFO - âœ… Saved (35/2000): í“¨ë¦¬ì— ì—ìŠ¤í…Œí‹± ë™ì—¬ì˜ë„ì 
2026-01-22 16:57:09,876 - INFO - â³ Waiting 55.1s before next shop...
2026-01-22 16:58:05,023 - INFO - ğŸ” Visiting detail page: ì´ë¯¸ì§€ìˆ˜9
2026-01-22 16:58:10,899 - INFO - Firebase Firestore initialized successfully
2026-01-22 16:58:10,999 - INFO - Successfully saved shop to Firebase: ë””ìœ ì—ìŠ¤í…Œí‹± í”„ë¦¬ë²  ì²­ë‹´ì 
2026-01-22 16:58:10,999 - INFO - âœ… Firebase Saved: ë””ìœ ì—ìŠ¤í…Œí‹± í”„ë¦¬ë²  ì²­ë‹´ì 
Progress: 36/2000
2026-01-22 16:58:10,999 - INFO - âœ… Saved (36/2000): ë””ìœ ì—ìŠ¤í…Œí‹± í”„ë¦¬ë²  ì²­ë‹´ì 
2026-01-22 16:58:10,999 - INFO - â³ Waiting 21.9s before next shop...
2026-01-22 16:58:32,941 - INFO - ğŸ” Visiting detail page: ì´ë¯¸ì§€ìˆ˜120
2026-01-22 16:58:39,710 - INFO - Firebase Firestore initialized successfully
2026-01-22 16:58:39,804 - INFO - Successfully saved shop to Firebase: ë¦°ì—ìŠ¤í…Œí‹±&í—¤ë“œìŠ¤íŒŒ ì†¡íŒŒë¬¸ì •ì 
2026-01-22 16:58:39,805 - INFO - âœ… Firebase Saved: ë¦°ì—ìŠ¤í…Œí‹±&í—¤ë“œìŠ¤íŒŒ ì†¡íŒŒë¬¸ì •ì 
Progress: 37/2000
2026-01-22 16:58:39,805 - INFO - âœ… Saved (37/2000): ë¦°ì—ìŠ¤í…Œí‹±&í—¤ë“œìŠ¤íŒŒ ì†¡íŒŒë¬¸ì •ì 
2026-01-22 16:58:39,805 - INFO - â³ Waiting 58.8s before next shop...
2026-01-22 16:59:38,651 - INFO - ğŸ” Visiting detail page: ì´ë¯¸ì§€ìˆ˜78
2026-01-22 16:59:45,374 - INFO - Firebase Firestore initialized successfully
2026-01-22 16:59:45,494 - INFO - Successfully saved shop to Firebase: ì—ìŠ¤í…Œí‹°ì•„ ì†¡íŒŒê±°ì—¬ 1í˜¸ì 
2026-01-22 16:59:45,494 - INFO - âœ… Firebase Saved: ì—ìŠ¤í…Œí‹°ì•„ ì†¡íŒŒê±°ì—¬ 1í˜¸ì 
Progress: 38/2000
2026-01-22 16:59:45,494 - INFO - âœ… Saved (38/2000): ì—ìŠ¤í…Œí‹°ì•„ ì†¡íŒŒê±°ì—¬ 1í˜¸ì 
2026-01-22 16:59:45,494 - INFO - â³ Waiting 21.2s before next shop...
2026-01-22 17:00:06,683 - INFO - ğŸ” Visiting detail page: ì´ë¯¸ì§€ìˆ˜15
2026-01-22 17:00:12,300 - INFO - Firebase Firestore initialized successfully
2026-01-22 17:00:12,410 - INFO - Successfully saved shop to Firebase: ë”í•˜ë…¸ì´í’‹ì•¤ë°”ë”” ë§ˆí¬ í”„ë ˆìŠ¤í‹°ì§€ìì´ì 
2026-01-22 17:00:12,410 - INFO - âœ… Firebase Saved: ë”í•˜ë…¸ì´í’‹ì•¤ë°”ë”” ë§ˆí¬ í”„ë ˆìŠ¤í‹°ì§€ìì´ì 
Progress: 39/2000
2026-01-22 17:00:12,410 - INFO - âœ… Saved (39/2000): ë”í•˜ë…¸ì´í’‹ì•¤ë°”ë”” ë§ˆí¬ í”„ë ˆìŠ¤í‹°ì§€ìì´ì 
2026-01-22 17:00:12,410 - INFO - â³ Waiting 32.9s before next shop...
2026-01-22 17:00:45,354 - INFO - ğŸ” Visiting detail page: ì´ë¯¸ì§€ìˆ˜18
2026-01-22 17:00:52,265 - INFO - Firebase Firestore initialized successfully
2026-01-22 17:00:52,371 - INFO - Successfully saved shop to Firebase: ê°€ì¸ë¯¸ê°€ ì ì‹¤ìƒˆë‚´ì—­ì 
2026-01-22 17:00:52,371 - INFO - âœ… Firebase Saved: ê°€ì¸ë¯¸ê°€ ì ì‹¤ìƒˆë‚´ì—­ì 
Progress: 40/2000
2026-01-22 17:00:52,371 - INFO - âœ… Saved (40/2000): ê°€ì¸ë¯¸ê°€ ì ì‹¤ìƒˆë‚´ì—­ì 
2026-01-22 17:00:52,371 - INFO - â³ Waiting 28.1s before next shop...
2026-01-22 17:01:20,433 - INFO - ğŸ” Visiting detail page: ì´ë¯¸ì§€ìˆ˜18
2026-01-22 17:01:27,904 - INFO - Firebase Firestore initialized successfully
2026-01-22 17:01:28,009 - INFO - Successfully saved shop to Firebase: ì„¸ë ˆë‹ˆë„ ì™•ì‹­ë¦¬ì 
2026-01-22 17:01:28,009 - INFO - âœ… Firebase Saved: ì„¸ë ˆë‹ˆë„ ì™•ì‹­ë¦¬ì 
Progress: 41/2000
2026-01-22 17:01:28,009 - INFO - âœ… Saved (41/2000): ì„¸ë ˆë‹ˆë„ ì™•ì‹­ë¦¬ì 
2026-01-22 17:01:28,009 - INFO - â³ Waiting 67.4s before next shop...
2026-01-22 17:02:35,463 - INFO - ğŸ” Visiting detail page: ì´ë¯¸ì§€ìˆ˜12
2026-01-22 17:02:42,114 - INFO - Firebase Firestore initialized successfully
2026-01-22 17:02:42,228 - INFO - Successfully saved shop to Firebase: ë”í’‹ìƒµë§ˆì‚¬ì§€ ì••êµ¬ì •ì—­ì 
2026-01-22 17:02:42,228 - INFO - âœ… Firebase Saved: ë”í’‹ìƒµë§ˆì‚¬ì§€ ì••êµ¬ì •ì—­ì 
Progress: 42/2000
2026-01-22 17:02:42,228 - INFO - âœ… Saved (42/2000): ë”í’‹ìƒµë§ˆì‚¬ì§€ ì••êµ¬ì •ì—­ì 
2026-01-22 17:02:42,228 - INFO - â³ Waiting 33.8s before next shop...
2026-01-22 17:03:16,031 - INFO - ğŸ” Visiting detail page: ì´ë¯¸ì§€ìˆ˜21
2026-01-22 17:03:23,250 - INFO - Firebase Firestore initialized successfully
2026-01-22 17:03:23,344 - INFO - Successfully saved shop to Firebase: ì¹´ì¹´ì˜¤í’‹ì•¤ë°”ë”” ë§ˆì‚¬ì§€ìŠ¤íŒŒ ë¬¸ì •ì 
2026-01-22 17:03:23,344 - INFO - âœ… Firebase Saved: ì¹´ì¹´ì˜¤í’‹ì•¤ë°”ë”” ë§ˆì‚¬ì§€ìŠ¤íŒŒ ë¬¸ì •ì 
Progress: 43/2000
2026-01-22 17:03:23,344 - INFO - âœ… Saved (43/2000): ì¹´ì¹´ì˜¤í’‹ì•¤ë°”ë”” ë§ˆì‚¬ì§€ìŠ¤íŒŒ ë¬¸ì •ì 
2026-01-22 17:03:23,344 - INFO - â³ Waiting 53.1s before next shop...
2026-01-22 17:04:16,466 - INFO - ğŸ” Visiting detail page: ì´ë¯¸ì§€ìˆ˜107
2026-01-22 17:04:22,755 - INFO - Firebase Firestore initialized successfully
2026-01-22 17:04:22,845 - INFO - Successfully saved shop to Firebase: ë°”ë””íŠ  ë§ˆì‚¬ì§€ ì˜¤ëª©êµì—­ì 
2026-01-22 17:04:22,845 - INFO - âœ… Firebase Saved: ë°”ë””íŠ  ë§ˆì‚¬ì§€ ì˜¤ëª©êµì—­ì 
Progress: 44/2000
2026-01-22 17:04:22,845 - INFO - âœ… Saved (44/2000): ë°”ë””íŠ  ë§ˆì‚¬ì§€ ì˜¤ëª©êµì—­ì 
2026-01-22 17:04:22,845 - INFO - â³ Waiting 24.9s before next shop...
2026-01-22 17:04:47,714 - INFO - ğŸ” Visiting detail page: ì´ë¯¸ì§€ìˆ˜14
2026-01-22 17:04:52,989 - INFO - Firebase Firestore initialized successfully
2026-01-22 17:04:53,095 - INFO - Successfully saved shop to Firebase: í•œìŠ¤í…Œë¼í”¼ ë§ˆì‚¬ì§€ ë¬¸ì •ë³¸ì 
2026-01-22 17:04:53,095 - INFO - âœ… Firebase Saved: í•œìŠ¤í…Œë¼í”¼ ë§ˆì‚¬ì§€ ë¬¸ì •ë³¸ì 
Progress: 45/2000
2026-01-22 17:04:53,095 - INFO - âœ… Saved (45/2000): í•œìŠ¤í…Œë¼í”¼ ë§ˆì‚¬ì§€ ë¬¸ì •ë³¸ì 
2026-01-22 17:04:53,095 - INFO - â³ Waiting 40.4s before next shop...
2026-01-22 17:05:33,470 - INFO - ğŸ” Visiting detail page: ì´ë¯¸ì§€ìˆ˜20
2026-01-22 17:05:39,146 - INFO - Firebase Firestore initialized successfully
2026-01-22 17:05:39,250 - INFO - Successfully saved shop to Firebase: ëŒë¦¬ë©” ëª©ë™ì 
2026-01-22 17:05:39,250 - INFO - âœ… Firebase Saved: ëŒë¦¬ë©” ëª©ë™ì 
Progress: 46/2000
2026-01-22 17:05:39,250 - INFO - âœ… Saved (46/2000): ëŒë¦¬ë©” ëª©ë™ì 
2026-01-22 17:05:39,251 - INFO - â³ Waiting 42.3s before next shop...
2026-01-22 17:06:21,516 - INFO - ğŸ” Visiting detail page: ì´ë¯¸ì§€ìˆ˜6
2026-01-22 17:06:28,327 - INFO - Firebase Firestore initialized successfully
2026-01-22 17:06:28,424 - INFO - Successfully saved shop to Firebase: ê°€ì¸ë¯¸ê°€ ê°•ë‚¨ë³¸ì ì‹ ë…¼í˜„ì—­
2026-01-22 17:06:28,424 - INFO - âœ… Firebase Saved: ê°€ì¸ë¯¸ê°€ ê°•ë‚¨ë³¸ì ì‹ ë…¼í˜„ì—­
Progress: 47/2000
2026-01-22 17:06:28,424 - INFO - âœ… Saved (47/2000): ê°€ì¸ë¯¸ê°€ ê°•ë‚¨ë³¸ì ì‹ ë…¼í˜„ì—­
2026-01-22 17:06:28,424 - INFO - â³ Waiting 56.3s before next shop...
2026-01-22 17:07:24,756 - INFO - ğŸ” Visiting detail page: ì´ë¯¸ì§€ìˆ˜24
2026-01-22 17:07:31,907 - INFO - Firebase Firestore initialized successfully
2026-01-22 17:07:32,011 - INFO - Successfully saved shop to Firebase: ë”í•˜ë…¸ì´í’‹ì•¤ë°”ë”” ë§ˆê³¡ì—­ì 
2026-01-22 17:07:32,011 - INFO - âœ… Firebase Saved: ë”í•˜ë…¸ì´í’‹ì•¤ë°”ë”” ë§ˆê³¡ì—­ì 
Progress: 48/2000
2026-01-22 17:07:32,011 - INFO - âœ… Saved (48/2000): ë”í•˜ë…¸ì´í’‹ì•¤ë°”ë”” ë§ˆê³¡ì—­ì 
2026-01-22 17:07:32,011 - INFO - â³ Waiting 29.4s before next shop...
2026-01-22 17:08:01,380 - INFO - ğŸ” Visiting detail page: ì´ë¯¸ì§€ìˆ˜73
2026-01-22 17:08:07,143 - INFO - Firebase Firestore initialized successfully
2026-01-22 17:08:07,249 - INFO - Successfully saved shop to Firebase: ë°”ë””íŠ  ë§ˆì‚¬ì§€ì‚´ë¡± ëª¬ë“œë¦¬ì•ˆí˜¸í…”ì 
2026-01-22 17:08:07,249 - INFO - âœ… Firebase Saved: ë°”ë””íŠ  ë§ˆì‚¬ì§€ì‚´ë¡± ëª¬ë“œë¦¬ì•ˆí˜¸í…”ì 
Progress: 49/2000
2026-01-22 17:08:07,249 - INFO - âœ… Saved (49/2000): ë°”ë””íŠ  ë§ˆì‚¬ì§€ì‚´ë¡± ëª¬ë“œë¦¬ì•ˆí˜¸í…”ì 
2026-01-22 17:08:07,250 - INFO - â³ Waiting 54.5s before next shop...
2026-01-22 17:09:01,718 - INFO - ğŸ” Visiting detail page: ì´ë¯¸ì§€ìˆ˜12
2026-01-22 17:09:07,418 - INFO - Firebase Firestore initialized successfully
2026-01-22 17:09:07,525 - INFO - Successfully saved shop to Firebase: ë£¨ì²´í…Œë¼í”¼ ì²­ë‹´ ìŠ¤ì›¨ë””ì‹œ
2026-01-22 17:09:07,525 - INFO - âœ… Firebase Saved: ë£¨ì²´í…Œë¼í”¼ ì²­ë‹´ ìŠ¤ì›¨ë””ì‹œ
Progress: 50/2000
2026-01-22 17:09:07,525 - INFO - âœ… Saved (50/2000): ë£¨ì²´í…Œë¼í”¼ ì²­ë‹´ ìŠ¤ì›¨ë””ì‹œ
2026-01-22 17:09:07,525 - INFO - â³ Waiting 23.4s before next shop...
2026-01-22 17:09:30,916 - INFO - ğŸ” Visiting detail page: ì´ë¯¸ì§€ìˆ˜35
2026-01-22 17:09:36,803 - INFO - Firebase Firestore initialized successfully
2026-01-22 17:09:36,893 - INFO - Successfully saved shop to Firebase: ë²¨ë¼í…Œë¼í”¼ ë§ˆì‚¬ì§€
2026-01-22 17:09:36,893 - INFO - âœ… Firebase Saved: ë²¨ë¼í…Œë¼í”¼ ë§ˆì‚¬ì§€
Progress: 51/2000
2026-01-22 17:09:36,893 - INFO - âœ… Saved (51/2000): ë²¨ë¼í…Œë¼í”¼ ë§ˆì‚¬ì§€
2026-01-22 17:09:36,894 - INFO - â³ Waiting 23.1s before next shop...
2026-01-22 17:09:59,988 - INFO - ğŸ” Visiting detail page: ì´ë¯¸ì§€ìˆ˜19
2026-01-22 17:10:06,323 - INFO - Firebase Firestore initialized successfully
2026-01-22 17:10:06,422 - INFO - Successfully saved shop to Firebase: í”„ë¦¬ë¯¸ì—„ìŠ¤íŒŒì—˜ ê°•ë‚¨ë³¸ì 
2026-01-22 17:10:06,422 - INFO - âœ… Firebase Saved: í”„ë¦¬ë¯¸ì—„ìŠ¤íŒŒì—˜ ê°•ë‚¨ë³¸ì 
Progress: 52/2000
2026-01-22 17:10:06,422 - INFO - âœ… Saved (52/2000): í”„ë¦¬ë¯¸ì—„ìŠ¤íŒŒì—˜ ê°•ë‚¨ë³¸ì 
2026-01-22 17:10:06,422 - INFO - â³ Waiting 62.1s before next shop...
2026-01-22 17:11:08,516 - INFO - ğŸ” Visiting detail page: ì´ë¯¸ì§€ìˆ˜16
2026-01-22 17:11:15,975 - INFO - Firebase Firestore initialized successfully
2026-01-22 17:11:16,087 - INFO - Successfully saved shop to Firebase: ì‚¬ìš´ë“œë°”ë”” ì‚¬ìš´ë“œìŠ¤í‚¨ ì„±ì‹  D.Origin ì„¼í„°
2026-01-22 17:11:16,087 - INFO - âœ… Firebase Saved: ì‚¬ìš´ë“œë°”ë”” ì‚¬ìš´ë“œìŠ¤í‚¨ ì„±ì‹  D.Origin ì„¼í„°
Progress: 53/2000
2026-01-22 17:11:16,088 - INFO - âœ… Saved (53/2000): ì‚¬ìš´ë“œë°”ë”” ì‚¬ìš´ë“œìŠ¤í‚¨ ì„±ì‹  D.Origin ì„¼í„°
2026-01-22 17:11:16,088 - INFO - â³ Waiting 37.6s before next shop...
2026-01-22 17:11:53,720 - INFO - ğŸ” Visiting detail page: ì´ë¯¸ì§€ìˆ˜23
2026-01-22 17:11:59,858 - INFO - Firebase Firestore initialized successfully
2026-01-22 17:11:59,952 - INFO - Successfully saved shop to Firebase: ë”í’‹ìƒµë§ˆì‚¬ì§€ í•œì„±ë°±ì œì ì‹¤ì 
2026-01-22 17:11:59,952 - INFO - âœ… Firebase Saved: ë”í’‹ìƒµë§ˆì‚¬ì§€ í•œì„±ë°±ì œì ì‹¤ì 
Progress: 54/2000
2026-01-22 17:11:59,952 - INFO - âœ… Saved (54/2000): ë”í’‹ìƒµë§ˆì‚¬ì§€ í•œì„±ë°±ì œì ì‹¤ì 
2026-01-22 17:11:59,952 - INFO - â³ Waiting 54.2s before next shop...
2026-01-22 17:12:54,129 - INFO - ğŸ” Visiting detail page: ì´ë¯¸ì§€ìˆ˜14
2026-01-22 17:13:00,107 - INFO - Firebase Firestore initialized successfully
2026-01-22 17:13:00,201 - INFO - Successfully saved shop to Firebase: êµ¬ë™ëª…ì¾Œìœ ë§ˆì‚¬ì§€ ê°•ë‚¨ë³¸ì 
2026-01-22 17:13:00,201 - INFO - âœ… Firebase Saved: êµ¬ë™ëª…ì¾Œìœ ë§ˆì‚¬ì§€ ê°•ë‚¨ë³¸ì 
Progress: 55/2000
2026-01-22 17:13:00,202 - INFO - âœ… Saved (55/2000): êµ¬ë™ëª…ì¾Œìœ ë§ˆì‚¬ì§€ ê°•ë‚¨ë³¸ì 
2026-01-22 17:13:00,202 - INFO - â³ Waiting 43.1s before next shop...
2026-01-22 17:13:43,313 - INFO - ğŸ” Visiting detail page: ì´ë¯¸ì§€ìˆ˜70
2026-01-22 17:13:50,143 - INFO - Firebase Firestore initialized successfully
2026-01-22 17:13:50,248 - INFO - Successfully saved shop to Firebase: í•˜ì´í•„ìŠ¤í‚¨ ê°•ë‚¨ì„ ë¦‰ì 
2026-01-22 17:13:50,248 - INFO - âœ… Firebase Saved: í•˜ì´í•„ìŠ¤í‚¨ ê°•ë‚¨ì„ ë¦‰ì 
Progress: 56/2000
2026-01-22 17:13:50,248 - INFO - âœ… Saved (56/2000): í•˜ì´í•„ìŠ¤í‚¨ ê°•ë‚¨ì„ ë¦‰ì 
2026-01-22 17:13:50,249 - INFO - â³ Waiting 29.6s before next shop...
2026-01-22 17:14:19,866 - INFO - ğŸ” Visiting detail page: ì´ë¯¸ì§€ìˆ˜14
2026-01-22 17:14:26,396 - INFO - Firebase Firestore initialized successfully
2026-01-22 17:14:26,482 - INFO - Successfully saved shop to Firebase: ë”í•˜ë…¸ì´í’‹ì•¤ë°”ë”” ì ì‹¤ìƒˆë‚´ì—­ì 
2026-01-22 17:14:26,482 - INFO - âœ… Firebase Saved: ë”í•˜ë…¸ì´í’‹ì•¤ë°”ë”” ì ì‹¤ìƒˆë‚´ì—­ì 
Progress: 57/2000
2026-01-22 17:14:26,482 - INFO - âœ… Saved (57/2000): ë”í•˜ë…¸ì´í’‹ì•¤ë°”ë”” ì ì‹¤ìƒˆë‚´ì—­ì 
2026-01-22 17:14:26,482 - INFO - â³ Waiting 55.0s before next shop...
2026-01-22 17:15:21,441 - INFO - ğŸ” Visiting detail page: ì´ë¯¸ì§€ìˆ˜117
2026-01-22 17:15:28,334 - INFO - Firebase Firestore initialized successfully
2026-01-22 17:15:28,443 - INFO - Successfully saved shop to Firebase: ë°”ë””íŠ  ë§ˆì‚¬ì§€ì‚´ë¡± ëª©ë™ì´ë§ˆíŠ¸ì 
2026-01-22 17:15:28,443 - INFO - âœ… Firebase Saved: ë°”ë””íŠ  ë§ˆì‚¬ì§€ì‚´ë¡± ëª©ë™ì´ë§ˆíŠ¸ì 
Progress: 58/2000
2026-01-22 17:15:28,444 - INFO - âœ… Saved (58/2000): ë°”ë””íŠ  ë§ˆì‚¬ì§€ì‚´ë¡± ëª©ë™ì´ë§ˆíŠ¸ì 
2026-01-22 17:15:28,444 - INFO - â³ Waiting 41.7s before next shop...
2026-01-22 17:16:10,174 - INFO - ğŸ” Visiting detail page: ì´ë¯¸ì§€ìˆ˜11
2026-01-22 17:16:15,789 - INFO - Firebase Firestore initialized successfully
2026-01-22 17:16:15,903 - INFO - Successfully saved shop to Firebase: ì–´ë©”ì´ì§•ë¹…í† ë¦¬ì•„ ê°•ë‚¨ë¼ìš´ì§€
2026-01-22 17:16:15,903 - INFO - âœ… Firebase Saved: ì–´ë©”ì´ì§•ë¹…í† ë¦¬ì•„ ê°•ë‚¨ë¼ìš´ì§€
Progress: 59/2000
2026-01-22 17:16:15,903 - INFO - âœ… Saved (59/2000): ì–´ë©”ì´ì§•ë¹…í† ë¦¬ì•„ ê°•ë‚¨ë¼ìš´ì§€
2026-01-22 17:16:15,904 - INFO - â³ Waiting 38.2s before next shop...
2026-01-22 17:16:54,086 - INFO - ğŸ” Visiting detail page: ì´ë¯¸ì§€ìˆ˜23
2026-01-22 17:17:00,838 - INFO - Firebase Firestore initialized successfully
2026-01-22 17:17:00,942 - INFO - Successfully saved shop to Firebase: ê½ìŒ¤ì—ìŠ¤í…Œí‹±
2026-01-22 17:17:00,943 - INFO - âœ… Firebase Saved: ê½ìŒ¤ì—ìŠ¤í…Œí‹±
Progress: 60/2000
2026-01-22 17:17:00,943 - INFO - âœ… Saved (60/2000): ê½ìŒ¤ì—ìŠ¤í…Œí‹±
2026-01-22 17:17:00,943 - INFO - â³ Waiting 53.9s before next shop...
2026-01-22 17:17:54,826 - INFO - ğŸ” Visiting detail page: ì´ë¯¸ì§€ìˆ˜12
2026-01-22 17:18:00,572 - INFO - Firebase Firestore initialized successfully
2026-01-22 17:18:00,654 - INFO - Successfully saved shop to Firebase: ì–¼êµ´í•„ë¼í…ŒìŠ¤ë°”ì´ì§€ ì‹ ì‚¬ì—­ì 
2026-01-22 17:18:00,655 - INFO - âœ… Firebase Saved: ì–¼êµ´í•„ë¼í…ŒìŠ¤ë°”ì´ì§€ ì‹ ì‚¬ì—­ì 
Progress: 61/2000
2026-01-22 17:18:00,655 - INFO - âœ… Saved (61/2000): ì–¼êµ´í•„ë¼í…ŒìŠ¤ë°”ì´ì§€ ì‹ ì‚¬ì—­ì 
2026-01-22 17:18:00,655 - INFO - â³ Waiting 37.6s before next shop...
2026-01-22 17:18:38,295 - INFO - ğŸ” Visiting detail page: ì´ë¯¸ì§€ìˆ˜5
2026-01-22 17:18:45,242 - INFO - Firebase Firestore initialized successfully
2026-01-22 17:18:45,331 - INFO - Successfully saved shop to Firebase: í•˜ì´ìŠ¤íŒŒ
2026-01-22 17:18:45,331 - INFO - âœ… Firebase Saved: í•˜ì´ìŠ¤íŒŒ
Progress: 62/2000
2026-01-22 17:18:45,331 - INFO - âœ… Saved (62/2000): í•˜ì´ìŠ¤íŒŒ
2026-01-22 17:18:45,331 - INFO - â³ Waiting 55.7s before next shop...
2026-01-22 17:19:41,023 - INFO - ğŸ” Visiting detail page: ì´ë¯¸ì§€ìˆ˜13
2026-01-22 17:19:47,678 - INFO - Firebase Firestore initialized successfully
2026-01-22 17:19:47,772 - INFO - Successfully saved shop to Firebase: ì„ ì—ìŠ¤í…ŒìŠ¤íŒŒ ìœ„ë¡€ì 
2026-01-22 17:19:47,772 - INFO - âœ… Firebase Saved: ì„ ì—ìŠ¤í…ŒìŠ¤íŒŒ ìœ„ë¡€ì 
Progress: 63/2000
2026-01-22 17:19:47,772 - INFO - âœ… Saved (63/2000): ì„ ì—ìŠ¤í…ŒìŠ¤íŒŒ ìœ„ë¡€ì 
2026-01-22 17:19:47,772 - INFO - â³ Waiting 68.7s before next shop...
2026-01-22 17:20:56,520 - INFO - ğŸ” Visiting detail page: ì´ë¯¸ì§€ìˆ˜30
2026-01-22 17:21:03,178 - INFO - Firebase Firestore initialized successfully
2026-01-22 17:21:03,274 - INFO - Successfully saved shop to Firebase: ë§ˆê³¡ë§ˆì‚¬ì§€ ë§ˆìš”ë¯¸ìŠ¤íŒŒ&ì™ì‹±
2026-01-22 17:21:03,274 - INFO - âœ… Firebase Saved: ë§ˆê³¡ë§ˆì‚¬ì§€ ë§ˆìš”ë¯¸ìŠ¤íŒŒ&ì™ì‹±
Progress: 64/2000
2026-01-22 17:21:03,274 - INFO - âœ… Saved (64/2000): ë§ˆê³¡ë§ˆì‚¬ì§€ ë§ˆìš”ë¯¸ìŠ¤íŒŒ&ì™ì‹±
2026-01-22 17:21:03,275 - INFO - â³ Waiting 55.2s before next shop...
2026-01-22 17:21:58,442 - INFO - ğŸ” Visiting detail page: ì´ë¯¸ì§€ìˆ˜32
2026-01-22 17:22:05,410 - INFO - Firebase Firestore initialized successfully
2026-01-22 17:22:05,522 - INFO - Successfully saved shop to Firebase: ìí•˜ìƒì‹ íš¨ì†Œì°œì§ˆ
2026-01-22 17:22:05,522 - INFO - âœ… Firebase Saved: ìí•˜ìƒì‹ íš¨ì†Œì°œì§ˆ
Progress: 65/2000
2026-01-22 17:22:05,522 - INFO - âœ… Saved (65/2000): ìí•˜ìƒì‹ íš¨ì†Œì°œì§ˆ
2026-01-22 17:22:05,522 - INFO - â³ Waiting 50.0s before next shop...
2026-01-22 17:22:55,493 - INFO - ğŸ” Visiting detail page: ì´ë¯¸ì§€ìˆ˜38
2026-01-22 17:23:01,665 - INFO - Firebase Firestore initialized successfully
2026-01-22 17:23:01,778 - INFO - Successfully saved shop to Firebase: í”Œë¡œìš°ìŠ¤íŒŒ
2026-01-22 17:23:01,779 - INFO - âœ… Firebase Saved: í”Œë¡œìš°ìŠ¤íŒŒ
Progress: 66/2000
2026-01-22 17:23:01,779 - INFO - âœ… Saved (66/2000): í”Œë¡œìš°ìŠ¤íŒŒ
2026-01-22 17:23:01,779 - INFO - â³ Waiting 39.7s before next shop...
2026-01-22 17:23:41,467 - INFO - ğŸ” Visiting detail page: ì´ë¯¸ì§€ìˆ˜48
2026-01-22 17:23:47,915 - INFO - Firebase Firestore initialized successfully
2026-01-22 17:23:48,019 - INFO - Successfully saved shop to Firebase: ë”í•˜ë…¸ì´í’‹ì•¤ë°”ë”” ë§ˆê³¡ë‚˜ë£¨ì 
2026-01-22 17:23:48,019 - INFO - âœ… Firebase Saved: ë”í•˜ë…¸ì´í’‹ì•¤ë°”ë”” ë§ˆê³¡ë‚˜ë£¨ì 
Progress: 67/2000
2026-01-22 17:23:48,019 - INFO - âœ… Saved (67/2000): ë”í•˜ë…¸ì´í’‹ì•¤ë°”ë”” ë§ˆê³¡ë‚˜ë£¨ì 
2026-01-22 17:23:48,019 - INFO - â³ Waiting 45.1s before next shop...
2026-01-22 17:24:33,097 - INFO - ğŸ” Visiting detail page: ì´ë¯¸ì§€ìˆ˜10
2026-01-22 17:24:39,911 - INFO - Firebase Firestore initialized successfully
2026-01-22 17:25:00,972 - ERROR - AuthMetadataPluginCallback "<google.auth.transport.grpc.AuthMetadataPlugin object at 0x0000022994906710>" raised exception!
Traceback (most recent call last):
  File "C:\Users\USER\AppData\Local\Programs\Python\Python311\Lib\site-packages\urllib3\connection.py", line 204, in _new_conn
    sock = connection.create_connection(
           ^^^^^^^^^^^^^^^^^^^^^^^^^^^^^
  File "C:\Users\USER\AppData\Local\Programs\Python\Python311\Lib\site-packages\urllib3\util\connection.py", line 85, in create_connection
    raise err
  File "C:\Users\USER\AppData\Local\Programs\Python\Python311\Lib\site-packages\urllib3\util\connection.py", line 73, in create_connection
    sock.connect(sa)
TimeoutError: [WinError 10060] ì—°ê²°ëœ êµ¬ì„±ì›ìœ¼ë¡œë¶€í„° ì‘ë‹µì´ ì—†ì–´ ì—°ê²°í•˜ì§€ ëª»í–ˆê±°ë‚˜, í˜¸ìŠ¤íŠ¸ë¡œë¶€í„° ì‘ë‹µì´ ì—†ì–´ ì—°ê²°ì´ ëŠì–´ì¡ŒìŠµë‹ˆë‹¤

The above exception was the direct cause of the following exception:

Traceback (most recent call last):
  File "C:\Users\USER\AppData\Local\Programs\Python\Python311\Lib\site-packages\urllib3\connectionpool.py", line 787, in urlopen
    response = self._make_request(
               ^^^^^^^^^^^^^^^^^^^
  File "C:\Users\USER\AppData\Local\Programs\Python\Python311\Lib\site-packages\urllib3\connectionpool.py", line 488, in _make_request
    raise new_e
  File "C:\Users\USER\AppData\Local\Programs\Python\Python311\Lib\site-packages\urllib3\connectionpool.py", line 464, in _make_request
    self._validate_conn(conn)
  File "C:\Users\USER\AppData\Local\Programs\Python\Python311\Lib\site-packages\urllib3\connectionpool.py", line 1093, in _validate_conn
    conn.connect()
  File "C:\Users\USER\AppData\Local\Programs\Python\Python311\Lib\site-packages\urllib3\connection.py", line 759, in connect
    self.sock = sock = self._new_conn()
                       ^^^^^^^^^^^^^^^^
  File "C:\Users\USER\AppData\Local\Programs\Python\Python311\Lib\site-packages\urllib3\connection.py", line 213, in _new_conn
    raise ConnectTimeoutError(
urllib3.exceptions.ConnectTimeoutError: (<HTTPSConnection(host='oauth2.googleapis.com', port=443) at 0x22994918810>, 'Connection to oauth2.googleapis.com timed out. (connect timeout=120)')

The above exception was the direct cause of the following exception:

Traceback (most recent call last):
  File "C:\Users\USER\AppData\Local\Programs\Python\Python311\Lib\site-packages\requests\adapters.py", line 486, in send
    resp = conn.urlopen(
           ^^^^^^^^^^^^^
  File "C:\Users\USER\AppData\Local\Programs\Python\Python311\Lib\site-packages\urllib3\connectionpool.py", line 841, in urlopen
    retries = retries.increment(
              ^^^^^^^^^^^^^^^^^^
  File "C:\Users\USER\AppData\Local\Programs\Python\Python311\Lib\site-packages\urllib3\util\retry.py", line 519, in increment
    raise MaxRetryError(_pool, url, reason) from reason  # type: ignore[arg-type]
    ^^^^^^^^^^^^^^^^^^^^^^^^^^^^^^^^^^^^^^^^^^^^^^^^^^^
urllib3.exceptions.MaxRetryError: HTTPSConnectionPool(host='oauth2.googleapis.com', port=443): Max retries exceeded with url: /token (Caused by ConnectTimeoutError(<HTTPSConnection(host='oauth2.googleapis.com', port=443) at 0x22994918810>, 'Connection to oauth2.googleapis.com timed out. (connect timeout=120)'))

During handling of the above exception, another exception occurred:

Traceback (most recent call last):
  File "C:\Users\USER\AppData\Local\Programs\Python\Python311\Lib\site-packages\google\auth\transport\requests.py", line 188, in __call__
    response = self.session.request(
               ^^^^^^^^^^^^^^^^^^^^^
  File "C:\Users\USER\AppData\Local\Programs\Python\Python311\Lib\site-packages\requests\sessions.py", line 589, in request
    resp = self.send(prep, **send_kwargs)
           ^^^^^^^^^^^^^^^^^^^^^^^^^^^^^^
  File "C:\Users\USER\AppData\Local\Programs\Python\Python311\Lib\site-packages\requests\sessions.py", line 703, in send
    r = adapter.send(request, **kwargs)
        ^^^^^^^^^^^^^^^^^^^^^^^^^^^^^^^
  File "C:\Users\USER\AppData\Local\Programs\Python\Python311\Lib\site-packages\requests\adapters.py", line 507, in send
    raise ConnectTimeout(e, request=request)
requests.exceptions.ConnectTimeout: HTTPSConnectionPool(host='oauth2.googleapis.com', port=443): Max retries exceeded with url: /token (Caused by ConnectTimeoutError(<HTTPSConnection(host='oauth2.googleapis.com', port=443) at 0x22994918810>, 'Connection to oauth2.googleapis.com timed out. (connect timeout=120)'))

The above exception was the direct cause of the following exception:

Traceback (most recent call last):
  File "C:\Users\USER\AppData\Local\Programs\Python\Python311\Lib\site-packages\grpc\_plugin_wrapping.py", line 106, in __call__
    self._metadata_plugin(
  File "C:\Users\USER\AppData\Local\Programs\Python\Python311\Lib\site-packages\google\auth\transport\grpc.py", line 93, in __call__
    callback(self._get_authorization_headers(context), None)
             ^^^^^^^^^^^^^^^^^^^^^^^^^^^^^^^^^^^^^^^^
  File "C:\Users\USER\AppData\Local\Programs\Python\Python311\Lib\site-packages\google\auth\transport\grpc.py", line 79, in _get_authorization_headers
    self._credentials.before_request(
  File "C:\Users\USER\AppData\Local\Programs\Python\Python311\Lib\site-packages\google\auth\credentials.py", line 228, in before_request
    self._blocking_refresh(request)
  File "C:\Users\USER\AppData\Local\Programs\Python\Python311\Lib\site-packages\google\auth\credentials.py", line 191, in _blocking_refresh
    self.refresh(request)
  File "C:\Users\USER\AppData\Local\Programs\Python\Python311\Lib\site-packages\google\auth\credentials.py", line 365, in refresh
    self._perform_refresh_token(request)
  File "C:\Users\USER\AppData\Local\Programs\Python\Python311\Lib\site-packages\google\oauth2\service_account.py", line 457, in _perform_refresh_token
    access_token, expiry, _ = _client.jwt_grant(
                              ^^^^^^^^^^^^^^^^^^
  File "C:\Users\USER\AppData\Local\Programs\Python\Python311\Lib\site-packages\google\oauth2\_client.py", line 303, in jwt_grant
    response_data = _token_endpoint_request(
                    ^^^^^^^^^^^^^^^^^^^^^^^^
  File "C:\Users\USER\AppData\Local\Programs\Python\Python311\Lib\site-packages\google\oauth2\_client.py", line 263, in _token_endpoint_request
    ) = _token_endpoint_request_no_throw(
        ^^^^^^^^^^^^^^^^^^^^^^^^^^^^^^^^^
  File "C:\Users\USER\AppData\Local\Programs\Python\Python311\Lib\site-packages\google\oauth2\_client.py", line 192, in _token_endpoint_request_no_throw
    response = request(
               ^^^^^^^^
  File "C:\Users\USER\AppData\Local\Programs\Python\Python311\Lib\site-packages\google\auth\transport\requests.py", line 195, in __call__
    raise new_exc from caught_exc
google.auth.exceptions.TransportError: HTTPSConnectionPool(host='oauth2.googleapis.com', port=443): Max retries exceeded with url: /token (Caused by ConnectTimeoutError(<HTTPSConnection(host='oauth2.googleapis.com', port=443) at 0x22994918810>, 'Connection to oauth2.googleapis.com timed out. (connect timeout=120)'))
2026-01-22 17:25:02,060 - INFO - Successfully saved shop to Firebase: ì–´ë©”ì´ì§•ë¹…í† ë¦¬ì•„ ë…¸ì›ìŠ¤í…Œì´
2026-01-22 17:25:02,060 - INFO - âœ… Firebase Saved: ì–´ë©”ì´ì§•ë¹…í† ë¦¬ì•„ ë…¸ì›ìŠ¤í…Œì´
Progress: 68/2000
2026-01-22 17:25:02,060 - INFO - âœ… Saved (68/2000): ì–´ë©”ì´ì§•ë¹…í† ë¦¬ì•„ ë…¸ì›ìŠ¤í…Œì´
2026-01-22 17:25:02,060 - INFO - â³ Waiting 26.2s before next shop...
2026-01-22 17:25:28,256 - INFO - ğŸ” Visiting detail page: ì´ë¯¸ì§€ìˆ˜75
2026-01-22 17:25:34,323 - INFO - Firebase Firestore initialized successfully
2026-01-22 17:25:34,429 - INFO - Successfully saved shop to Firebase: ìì›”ì—ìŠ¤í…Œí‹±
2026-01-22 17:25:34,429 - INFO - âœ… Firebase Saved: ìì›”ì—ìŠ¤í…Œí‹±
Progress: 69/2000
2026-01-22 17:25:34,429 - INFO - âœ… Saved (69/2000): ìì›”ì—ìŠ¤í…Œí‹±
2026-01-22 17:25:34,429 - INFO - â³ Waiting 41.5s before next shop...
2026-01-22 17:26:15,946 - INFO - ğŸ” Visiting detail page: Shop_1176831393
2026-01-22 17:26:23,945 - INFO - Firebase Firestore initialized successfully
2026-01-22 17:26:24,053 - INFO - Successfully saved shop to Firebase: ìŠ¤íŒŒë”ì›
2026-01-22 17:26:24,054 - INFO - âœ… Firebase Saved: ìŠ¤íŒŒë”ì›
Progress: 70/2000
2026-01-22 17:26:24,054 - INFO - âœ… Saved (70/2000): ìŠ¤íŒŒë”ì›
2026-01-22 17:26:24,054 - INFO - â³ Waiting 38.6s before next shop...
2026-01-22 17:27:02,672 - INFO - ğŸ” Visiting detail page: ì´ë¯¸ì§€ìˆ˜8
2026-01-22 17:27:09,076 - INFO - Firebase Firestore initialized successfully
2026-01-22 17:27:09,188 - INFO - Successfully saved shop to Firebase: ê°€ì¸ë¯¸ê°€ ì‹ ì´Œì´ëŒ€ì—­ì 
2026-01-22 17:27:09,188 - INFO - âœ… Firebase Saved: ê°€ì¸ë¯¸ê°€ ì‹ ì´Œì´ëŒ€ì—­ì 
Progress: 71/2000
2026-01-22 17:27:09,188 - INFO - âœ… Saved (71/2000): ê°€ì¸ë¯¸ê°€ ì‹ ì´Œì´ëŒ€ì—­ì 
2026-01-22 17:27:09,188 - INFO - â³ Waiting 44.0s before next shop...
2026-01-22 17:27:53,190 - INFO - ğŸ” Visiting detail page: ì´ë¯¸ì§€ìˆ˜18
2026-01-22 17:27:59,325 - INFO - Firebase Firestore initialized successfully
2026-01-22 17:27:59,430 - INFO - Successfully saved shop to Firebase: ì•½ì†ê±´ê°•ë§ˆì‚¬ì§€
2026-01-22 17:27:59,430 - INFO - âœ… Firebase Saved: ì•½ì†ê±´ê°•ë§ˆì‚¬ì§€
Progress: 72/2000
2026-01-22 17:27:59,430 - INFO - âœ… Saved (72/2000): ì•½ì†ê±´ê°•ë§ˆì‚¬ì§€
2026-01-22 17:27:59,430 - INFO - â³ Waiting 52.2s before next shop...
2026-01-22 17:28:51,624 - INFO - ğŸ” Visiting detail page: ì´ë¯¸ì§€ìˆ˜30
2026-01-22 17:28:58,898 - INFO - Firebase Firestore initialized successfully
2026-01-22 17:28:59,007 - INFO - Successfully saved shop to Firebase: í™©ì œë² íŠ¸ë‚¨ì´ë°œì†Œë§ˆì‚¬ì§€
2026-01-22 17:28:59,007 - INFO - âœ… Firebase Saved: í™©ì œë² íŠ¸ë‚¨ì´ë°œì†Œë§ˆì‚¬ì§€
Progress: 73/2000
2026-01-22 17:28:59,008 - INFO - âœ… Saved (73/2000): í™©ì œë² íŠ¸ë‚¨ì´ë°œì†Œë§ˆì‚¬ì§€
2026-01-22 17:28:59,008 - INFO - â³ Waiting 60.1s before next shop...
2026-01-22 17:29:59,097 - INFO - ğŸ” Visiting detail page: ì´ë¯¸ì§€ìˆ˜10
2026-01-22 17:30:05,692 - INFO - Firebase Firestore initialized successfully
2026-01-22 17:30:06,079 - INFO - Successfully saved shop to Firebase: ë¯¸ë‹ˆì‰¬ ë°œëª½ìŠ¤íŒŒ ì••êµ¬ì •ë¡œë°ì˜¤ì 
2026-01-22 17:30:06,079 - INFO - âœ… Firebase Saved: ë¯¸ë‹ˆì‰¬ ë°œëª½ìŠ¤íŒŒ ì••êµ¬ì •ë¡œë°ì˜¤ì 
Progress: 74/2000
2026-01-22 17:30:06,079 - INFO - âœ… Saved (74/2000): ë¯¸ë‹ˆì‰¬ ë°œëª½ìŠ¤íŒŒ ì••êµ¬ì •ë¡œë°ì˜¤ì 
2026-01-22 17:30:06,079 - INFO - â³ Waiting 36.4s before next shop...
2026-01-22 17:30:42,482 - INFO - ğŸ” Visiting detail page: ì´ë¯¸ì§€ìˆ˜81
2026-01-22 17:30:49,268 - INFO - Firebase Firestore initialized successfully
2026-01-22 17:30:49,361 - INFO - Successfully saved shop to Firebase: ë°”ë””íŠ  ë§ˆì‚¬ì§€ì‚´ë¡± ì™•ì‹­ë¦¬ì 
2026-01-22 17:30:49,362 - INFO - âœ… Firebase Saved: ë°”ë””íŠ  ë§ˆì‚¬ì§€ì‚´ë¡± ì™•ì‹­ë¦¬ì 
Progress: 75/2000
2026-01-22 17:30:49,362 - INFO - âœ… Saved (75/2000): ë°”ë””íŠ  ë§ˆì‚¬ì§€ì‚´ë¡± ì™•ì‹­ë¦¬ì 
2026-01-22 17:30:49,362 - INFO - â³ Waiting 38.0s before next shop...
2026-01-22 17:31:27,392 - INFO - ğŸ” Visiting detail page: ì´ë¯¸ì§€ìˆ˜36
2026-01-22 17:31:33,107 - INFO - Firebase Firestore initialized successfully
2026-01-22 17:31:33,204 - INFO - Successfully saved shop to Firebase: ë”í’‹ìƒµë§ˆì‚¬ì§€ ì ì‹¤ì—­ì 
2026-01-22 17:31:33,204 - INFO - âœ… Firebase Saved: ë”í’‹ìƒµë§ˆì‚¬ì§€ ì ì‹¤ì—­ì 
Progress: 76/2000
2026-01-22 17:31:33,204 - INFO - âœ… Saved (76/2000): ë”í’‹ìƒµë§ˆì‚¬ì§€ ì ì‹¤ì—­ì 
2026-01-22 17:31:33,204 - INFO - â³ Waiting 68.2s before next shop...
2026-01-22 17:32:41,401 - INFO - ğŸ” Visiting detail page: ì´ë¯¸ì§€ìˆ˜15
2026-01-22 17:32:47,468 - INFO - Firebase Firestore initialized successfully
2026-01-22 17:32:47,594 - INFO - Successfully saved shop to Firebase: ë”ë°”ë””ìŠ¤ ë§ˆê³¡ ë§ˆì‚¬ì§€
2026-01-22 17:32:47,594 - INFO - âœ… Firebase Saved: ë”ë°”ë””ìŠ¤ ë§ˆê³¡ ë§ˆì‚¬ì§€
Progress: 77/2000
2026-01-22 17:32:47,594 - INFO - âœ… Saved (77/2000): ë”ë°”ë””ìŠ¤ ë§ˆê³¡ ë§ˆì‚¬ì§€
2026-01-22 17:32:47,594 - INFO - â³ Waiting 49.6s before next shop...
2026-01-22 17:33:37,252 - INFO - ğŸ” Visiting detail page: ì´ë¯¸ì§€ìˆ˜28
2026-01-22 17:33:42,682 - INFO - Firebase Firestore initialized successfully
2026-01-22 17:33:42,791 - INFO - Successfully saved shop to Firebase: ë¯¸ë”ë² ìŠ¤íŠ¸ í™ëŒ€ì 
2026-01-22 17:33:42,791 - INFO - âœ… Firebase Saved: ë¯¸ë”ë² ìŠ¤íŠ¸ í™ëŒ€ì 
Progress: 78/2000
2026-01-22 17:33:42,791 - INFO - âœ… Saved (78/2000): ë¯¸ë”ë² ìŠ¤íŠ¸ í™ëŒ€ì 
2026-01-22 17:33:42,792 - INFO - â³ Waiting 29.6s before next shop...
2026-01-22 17:34:12,370 - INFO - ğŸ” Visiting detail page: ì´ë¯¸ì§€ìˆ˜42
2026-01-22 17:34:19,484 - INFO - Firebase Firestore initialized successfully
2026-01-22 17:34:19,583 - INFO - Successfully saved shop to Firebase: ë°”ë‚˜ë‚˜ë¶€ë ë„
2026-01-22 17:34:19,583 - INFO - âœ… Firebase Saved: ë°”ë‚˜ë‚˜ë¶€ë ë„
Progress: 79/2000
2026-01-22 17:34:19,584 - INFO - âœ… Saved (79/2000): ë°”ë‚˜ë‚˜ë¶€ë ë„
2026-01-22 17:34:19,584 - INFO - â³ Waiting 55.2s before next shop...
2026-01-22 17:35:14,760 - INFO - ğŸ” Visiting detail page: ì´ë¯¸ì§€ìˆ˜33
2026-01-22 17:35:20,010 - INFO - Firebase Firestore initialized successfully
2026-01-22 17:35:20,132 - INFO - Successfully saved shop to Firebase: êµ¬ë™ëª…ì¾Œìœ ë§ˆì‚¬ì§€ ì••êµ¬ì •ì 
2026-01-22 17:35:20,132 - INFO - âœ… Firebase Saved: êµ¬ë™ëª…ì¾Œìœ ë§ˆì‚¬ì§€ ì••êµ¬ì •ì 
Progress: 80/2000
2026-01-22 17:35:20,132 - INFO - âœ… Saved (80/2000): êµ¬ë™ëª…ì¾Œìœ ë§ˆì‚¬ì§€ ì••êµ¬ì •ì 
2026-01-22 17:35:20,132 - INFO - â³ Waiting 32.2s before next shop...
2026-01-22 17:35:52,333 - INFO - ğŸ” Visiting detail page: ì´ë¯¸ì§€ìˆ˜23
2026-01-22 17:35:57,962 - INFO - Firebase Firestore initialized successfully
2026-01-22 17:35:58,056 - INFO - Successfully saved shop to Firebase: ë”í•˜ë…¸ì´í’‹ì•¤ë°”ë”” ì„±ì‹ ì—¬ëŒ€ì 
2026-01-22 17:35:58,056 - INFO - âœ… Firebase Saved: ë”í•˜ë…¸ì´í’‹ì•¤ë°”ë”” ì„±ì‹ ì—¬ëŒ€ì 
Progress: 81/2000
2026-01-22 17:35:58,056 - INFO - âœ… Saved (81/2000): ë”í•˜ë…¸ì´í’‹ì•¤ë°”ë”” ì„±ì‹ ì—¬ëŒ€ì 
2026-01-22 17:35:58,056 - INFO - â³ Waiting 27.1s before next shop...
2026-01-22 17:36:25,201 - INFO - ğŸ” Visiting detail page: ì´ë¯¸ì§€ìˆ˜8
2026-01-22 17:36:31,111 - INFO - Firebase Firestore initialized successfully
2026-01-22 17:36:31,205 - INFO - Successfully saved shop to Firebase: íë§í¬ë¯¸ì•„ë¡œë§ˆ
2026-01-22 17:36:31,205 - INFO - âœ… Firebase Saved: íë§í¬ë¯¸ì•„ë¡œë§ˆ
Progress: 82/2000
2026-01-22 17:36:31,206 - INFO - âœ… Saved (82/2000): íë§í¬ë¯¸ì•„ë¡œë§ˆ
2026-01-22 17:36:31,206 - INFO - â³ Waiting 36.2s before next shop...
2026-01-22 17:37:07,371 - INFO - ğŸ” Visiting detail page: ì´ë¯¸ì§€ìˆ˜17
2026-01-22 17:37:14,242 - INFO - Firebase Firestore initialized successfully
2026-01-22 17:37:14,349 - INFO - Successfully saved shop to Firebase: ì‚¬ìš´ë“œë°”ë”” ì‚¬ìš´ë“œìŠ¤í‚¨ ë°˜í¬ Avenue ì„¼í„°
2026-01-22 17:37:14,349 - INFO - âœ… Firebase Saved: ì‚¬ìš´ë“œë°”ë”” ì‚¬ìš´ë“œìŠ¤í‚¨ ë°˜í¬ Avenue ì„¼í„°
Progress: 83/2000
2026-01-22 17:37:14,349 - INFO - âœ… Saved (83/2000): ì‚¬ìš´ë“œë°”ë”” ì‚¬ìš´ë“œìŠ¤í‚¨ ë°˜í¬ Avenue ì„¼í„°
2026-01-22 17:37:14,349 - INFO - â³ Waiting 68.5s before next shop...
2026-01-22 17:38:22,865 - INFO - ğŸ” Visiting detail page: ì´ë¯¸ì§€ìˆ˜10
2026-01-22 17:38:30,006 - INFO - Firebase Firestore initialized successfully
2026-01-22 17:38:30,118 - INFO - Successfully saved shop to Firebase: êµ¬ë™ëª…ì¾Œìœ ë§ˆì‚¬ì§€ ì ì‹¤ì 
2026-01-22 17:38:30,118 - INFO - âœ… Firebase Saved: êµ¬ë™ëª…ì¾Œìœ ë§ˆì‚¬ì§€ ì ì‹¤ì 
Progress: 84/2000
2026-01-22 17:38:30,118 - INFO - âœ… Saved (84/2000): êµ¬ë™ëª…ì¾Œìœ ë§ˆì‚¬ì§€ ì ì‹¤ì 
2026-01-22 17:38:30,118 - INFO - â³ Waiting 67.2s before next shop...
2026-01-22 17:39:37,356 - INFO - ğŸ” Visiting detail page: ì´ë¯¸ì§€ìˆ˜63
2026-01-22 17:39:44,319 - INFO - Firebase Firestore initialized successfully
2026-01-22 17:39:44,429 - INFO - Successfully saved shop to Firebase: ì¼€ì´ìŠ¤íŒŒ ë§ˆì‚¬ì§€ ì••êµ¬ì •ì 
2026-01-22 17:39:44,429 - INFO - âœ… Firebase Saved: ì¼€ì´ìŠ¤íŒŒ ë§ˆì‚¬ì§€ ì••êµ¬ì •ì 
Progress: 85/2000
2026-01-22 17:39:44,429 - INFO - âœ… Saved (85/2000): ì¼€ì´ìŠ¤íŒŒ ë§ˆì‚¬ì§€ ì••êµ¬ì •ì 
2026-01-22 17:39:44,429 - INFO - â³ Waiting 25.8s before next shop...
2026-01-22 17:40:10,252 - INFO - ğŸ” Visiting detail page: ì´ë¯¸ì§€ìˆ˜23
2026-01-22 17:40:16,908 - INFO - Firebase Firestore initialized successfully
2026-01-22 17:40:17,013 - INFO - Successfully saved shop to Firebase: í“¨ë¦¬ì— ë” ë¦¬ë²„ë·°
2026-01-22 17:40:17,014 - INFO - âœ… Firebase Saved: í“¨ë¦¬ì— ë” ë¦¬ë²„ë·°
Progress: 86/2000
2026-01-22 17:40:17,014 - INFO - âœ… Saved (86/2000): í“¨ë¦¬ì— ë” ë¦¬ë²„ë·°
2026-01-22 17:40:17,014 - INFO - â³ Waiting 65.5s before next shop...
2026-01-22 17:41:22,535 - INFO - ğŸ” Visiting detail page: ì´ë¯¸ì§€ìˆ˜93
2026-01-22 17:41:29,566 - INFO - Firebase Firestore initialized successfully
2026-01-22 17:41:29,677 - INFO - Successfully saved shop to Firebase: í•˜ì´í•„ìŠ¤í‚¨ ì—¬ì˜ë„ì 
2026-01-22 17:41:29,677 - INFO - âœ… Firebase Saved: í•˜ì´í•„ìŠ¤í‚¨ ì—¬ì˜ë„ì 
Progress: 87/2000
2026-01-22 17:41:29,677 - INFO - âœ… Saved (87/2000): í•˜ì´í•„ìŠ¤í‚¨ ì—¬ì˜ë„ì 
2026-01-22 17:41:29,677 - INFO - â³ Waiting 27.4s before next shop...
2026-01-22 17:41:57,065 - INFO - ğŸ” Visiting detail page: ì´ë¯¸ì§€ìˆ˜33
2026-01-22 17:42:02,776 - INFO - Firebase Firestore initialized successfully
2026-01-22 17:42:02,895 - INFO - Successfully saved shop to Firebase: ëŸ¬ì‰¬ìŠ¤íŒŒ ì••êµ¬ì •ì 
2026-01-22 17:42:02,896 - INFO - âœ… Firebase Saved: ëŸ¬ì‰¬ìŠ¤íŒŒ ì••êµ¬ì •ì 
Progress: 88/2000
2026-01-22 17:42:02,896 - INFO - âœ… Saved (88/2000): ëŸ¬ì‰¬ìŠ¤íŒŒ ì••êµ¬ì •ì 
2026-01-22 17:42:02,896 - INFO - â³ Waiting 50.6s before next shop...
2026-01-22 17:42:53,476 - INFO - ğŸ” Visiting detail page: ì´ë¯¸ì§€ìˆ˜18
2026-01-22 17:42:59,955 - INFO - Firebase Firestore initialized successfully
2026-01-22 17:43:00,063 - INFO - Successfully saved shop to Firebase: ë“œíƒ€ì´ëœë“œ ë§ˆì‚¬ì§€
2026-01-22 17:43:00,063 - INFO - âœ… Firebase Saved: ë“œíƒ€ì´ëœë“œ ë§ˆì‚¬ì§€
Progress: 89/2000
2026-01-22 17:43:00,063 - INFO - âœ… Saved (89/2000): ë“œíƒ€ì´ëœë“œ ë§ˆì‚¬ì§€
2026-01-22 17:43:00,063 - INFO - â³ Waiting 51.2s before next shop...
2026-01-22 17:43:51,271 - INFO - ğŸ” Visiting detail page: ì´ë¯¸ì§€ìˆ˜7
2026-01-22 17:43:58,273 - INFO - Firebase Firestore initialized successfully
2026-01-22 17:43:58,383 - INFO - Successfully saved shop to Firebase: í”„ë¡¬ë¯¸ ì‹ ë„ë¦¼ì 
2026-01-22 17:43:58,383 - INFO - âœ… Firebase Saved: í”„ë¡¬ë¯¸ ì‹ ë„ë¦¼ì 
Progress: 90/2000
2026-01-22 17:43:58,383 - INFO - âœ… Saved (90/2000): í”„ë¡¬ë¯¸ ì‹ ë„ë¦¼ì 
2026-01-22 17:43:58,383 - INFO - â³ Waiting 24.9s before next shop...
2026-01-22 17:44:23,324 - INFO - ğŸ” Visiting detail page: ì´ë¯¸ì§€ìˆ˜11
2026-01-22 17:44:28,839 - INFO - Firebase Firestore initialized successfully
2026-01-22 17:44:28,937 - INFO - Successfully saved shop to Firebase: í”„ë¡¬ë¯¸ ì—¬ì˜ë„ì 
2026-01-22 17:44:28,937 - INFO - âœ… Firebase Saved: í”„ë¡¬ë¯¸ ì—¬ì˜ë„ì 
Progress: 91/2000
2026-01-22 17:44:28,937 - INFO - âœ… Saved (91/2000): í”„ë¡¬ë¯¸ ì—¬ì˜ë„ì 
2026-01-22 17:44:28,937 - INFO - â³ Waiting 69.8s before next shop...
2026-01-22 17:45:38,719 - INFO - ğŸ” Visiting detail page: ì´ë¯¸ì§€ìˆ˜10
2026-01-22 17:45:46,185 - INFO - Firebase Firestore initialized successfully
2026-01-22 17:45:46,282 - INFO - Successfully saved shop to Firebase: êµ¬ë™ëª…ì¾Œìœ ë§ˆì‚¬ì§€ ì‚¼ì„±ì 
2026-01-22 17:45:46,282 - INFO - âœ… Firebase Saved: êµ¬ë™ëª…ì¾Œìœ ë§ˆì‚¬ì§€ ì‚¼ì„±ì 
Progress: 92/2000
2026-01-22 17:45:46,282 - INFO - âœ… Saved (92/2000): êµ¬ë™ëª…ì¾Œìœ ë§ˆì‚¬ì§€ ì‚¼ì„±ì 
2026-01-22 17:45:46,283 - INFO - â³ Waiting 22.0s before next shop...
2026-01-22 17:46:08,317 - INFO - ğŸ” Visiting detail page: ì´ë¯¸ì§€ìˆ˜13
2026-01-22 17:46:13,884 - INFO - Firebase Firestore initialized successfully
2026-01-22 17:46:13,982 - INFO - Successfully saved shop to Firebase: íë§ì•¤ë°”ë”” ë§ˆì‚¬ì§€ ë³¸ì 
2026-01-22 17:46:13,982 - INFO - âœ… Firebase Saved: íë§ì•¤ë°”ë”” ë§ˆì‚¬ì§€ ë³¸ì 
Progress: 93/2000
2026-01-22 17:46:13,982 - INFO - âœ… Saved (93/2000): íë§ì•¤ë°”ë”” ë§ˆì‚¬ì§€ ë³¸ì 
2026-01-22 17:46:13,982 - INFO - â³ Waiting 29.3s before next shop...
2026-01-22 17:46:43,305 - INFO - ğŸ” Visiting detail page: ì´ë¯¸ì§€ìˆ˜22
2026-01-22 17:46:50,464 - INFO - Firebase Firestore initialized successfully
2026-01-22 17:46:50,579 - INFO - Successfully saved shop to Firebase: ë”ë¡ì‹œ ê°•ë‚¨ì 
2026-01-22 17:46:50,579 - INFO - âœ… Firebase Saved: ë”ë¡ì‹œ ê°•ë‚¨ì 
Progress: 94/2000
2026-01-22 17:46:50,579 - INFO - âœ… Saved (94/2000): ë”ë¡ì‹œ ê°•ë‚¨ì 
2026-01-22 17:46:50,579 - INFO - â³ Waiting 51.8s before next shop...
2026-01-22 17:47:42,393 - INFO - ğŸ” Visiting detail page: ì´ë¯¸ì§€ìˆ˜15
2026-01-22 17:47:49,200 - INFO - Firebase Firestore initialized successfully
2026-01-22 17:47:49,301 - INFO - Successfully saved shop to Firebase: ë”í•˜ë…¸ì´í’‹ì•¤ë°”ë”” ì²­ëŸ‰ë¦¬ì—­ì 
2026-01-22 17:47:49,301 - INFO - âœ… Firebase Saved: ë”í•˜ë…¸ì´í’‹ì•¤ë°”ë”” ì²­ëŸ‰ë¦¬ì—­ì 
Progress: 95/2000
2026-01-22 17:47:49,301 - INFO - âœ… Saved (95/2000): ë”í•˜ë…¸ì´í’‹ì•¤ë°”ë”” ì²­ëŸ‰ë¦¬ì—­ì 
2026-01-22 17:47:49,301 - INFO - â³ Waiting 24.3s before next shop...
2026-01-22 17:48:13,627 - INFO - ğŸ” Visiting detail page: ì´ë¯¸ì§€ìˆ˜33
2026-01-22 17:48:19,918 - INFO - Firebase Firestore initialized successfully
2026-01-22 17:48:20,027 - INFO - Successfully saved shop to Firebase: ë¦°ì—ìŠ¤í…Œí‹± ì˜ë“±í¬ë‹¹ì‚°ì—­ì 
2026-01-22 17:48:20,027 - INFO - âœ… Firebase Saved: ë¦°ì—ìŠ¤í…Œí‹± ì˜ë“±í¬ë‹¹ì‚°ì—­ì 
Progress: 96/2000
2026-01-22 17:48:20,027 - INFO - âœ… Saved (96/2000): ë¦°ì—ìŠ¤í…Œí‹± ì˜ë“±í¬ë‹¹ì‚°ì—­ì 
2026-01-22 17:48:20,027 - INFO - â³ Waiting 42.5s before next shop...
2026-01-22 17:49:02,513 - INFO - ğŸ” Visiting detail page: ì´ë¯¸ì§€ìˆ˜62
2026-01-22 17:49:08,426 - INFO - Firebase Firestore initialized successfully
2026-01-22 17:49:08,525 - INFO - Successfully saved shop to Firebase: ë² íŠ¸ë‚¨íë§ì¼€ì–´
2026-01-22 17:49:08,525 - INFO - âœ… Firebase Saved: ë² íŠ¸ë‚¨íë§ì¼€ì–´
Progress: 97/2000
2026-01-22 17:49:08,525 - INFO - âœ… Saved (97/2000): ë² íŠ¸ë‚¨íë§ì¼€ì–´
2026-01-22 17:49:08,525 - INFO - â³ Waiting 69.6s before next shop...
2026-01-22 17:50:18,102 - INFO - ğŸ” Visiting detail page: ì´ë¯¸ì§€ìˆ˜20
2026-01-22 17:50:24,548 - INFO - Firebase Firestore initialized successfully
2026-01-22 17:50:24,651 - INFO - Successfully saved shop to Firebase: ì¼€ì–´ë°”ì´ë¯¸
2026-01-22 17:50:24,651 - INFO - âœ… Firebase Saved: ì¼€ì–´ë°”ì´ë¯¸
Progress: 98/2000
2026-01-22 17:50:24,651 - INFO - âœ… Saved (98/2000): ì¼€ì–´ë°”ì´ë¯¸
2026-01-22 17:50:24,651 - INFO - â³ Waiting 44.6s before next shop...
2026-01-22 17:51:09,258 - INFO - ğŸ” Visiting detail page: ì´ë¯¸ì§€ìˆ˜36
2026-01-22 17:51:16,366 - INFO - Firebase Firestore initialized successfully
2026-01-22 17:51:16,465 - INFO - Successfully saved shop to Firebase: ìŠ¤ì™„ë“œì—ìŠ¤í…Œí‹± ë°œì‚°ì 
2026-01-22 17:51:16,465 - INFO - âœ… Firebase Saved: ìŠ¤ì™„ë“œì—ìŠ¤í…Œí‹± ë°œì‚°ì 
Progress: 99/2000
2026-01-22 17:51:16,465 - INFO - âœ… Saved (99/2000): ìŠ¤ì™„ë“œì—ìŠ¤í…Œí‹± ë°œì‚°ì 
2026-01-22 17:51:16,465 - INFO - â³ Waiting 33.6s before next shop...
2026-01-22 17:51:50,029 - INFO - ğŸ” Visiting detail page: ì´ë¯¸ì§€ìˆ˜25
2026-01-22 17:51:56,244 - INFO - Firebase Firestore initialized successfully
2026-01-22 17:51:56,350 - INFO - Successfully saved shop to Firebase: ëŒ€ìƒë§ˆì‚¬ì§€
2026-01-22 17:51:56,350 - INFO - âœ… Firebase Saved: ëŒ€ìƒë§ˆì‚¬ì§€
Progress: 100/2000
2026-01-22 17:51:56,350 - INFO - âœ… Saved (100/2000): ëŒ€ìƒë§ˆì‚¬ì§€
2026-01-22 17:51:56,350 - INFO - â³ Waiting 59.9s before next shop...
2026-01-22 17:52:56,691 - INFO - âœ… Finished. Total saved: 100
Progress: Finalizing...
2026-01-22 17:52:56,716 - INFO - ğŸ¯ Crawling complete. Starting automatic competitor extraction...
2026-01-22 17:52:56,721 - INFO - ğŸš€ Starting Competitor Extraction (Firebase Architecture)...
2026-01-22 17:52:56,721 - INFO - Firebase Firestore initialized successfully
2026-01-22 17:52:56,874 - INFO - ğŸ“Š Total shops loaded: 111
2026-01-22 17:52:56,874 - INFO - ğŸ“ Shops with valid coordinates: 111
2026-01-22 17:52:57,878 - INFO - âœ… Processed 10/111 shops...
2026-01-22 17:52:58,794 - INFO - âœ… Processed 20/111 shops...
2026-01-22 17:52:59,687 - INFO - âœ… Processed 30/111 shops...
2026-01-22 17:53:00,566 - INFO - âœ… Processed 40/111 shops...
2026-01-22 17:53:01,423 - INFO - âœ… Processed 50/111 shops...
2026-01-22 17:53:02,297 - INFO - âœ… Processed 60/111 shops...
2026-01-22 17:53:03,179 - INFO - âœ… Processed 70/111 shops...
2026-01-22 17:53:04,060 - INFO - âœ… Processed 80/111 shops...
2026-01-22 17:53:04,933 - INFO - âœ… Processed 90/111 shops...
2026-01-22 17:53:05,807 - INFO - âœ… Processed 100/111 shops...
2026-01-22 17:53:06,687 - INFO - âœ… Processed 110/111 shops...
2026-01-22 17:53:06,775 - INFO - ğŸ‰ Competitor extraction finished. Total 111 shops updated.
2026-01-22 17:53:06,775 - INFO - âœ… All tasks (Crawl + Competitor Analysis) finished successfully!

--- NEW ENGINE RUN: 2026-01-23 11:19:50 (Target: ì„œìš¸, Count: 10) ---
Progress: 0/10
2026-01-23 11:20:12,764 - INFO - ğŸ” Deep Scan Mode: Expanding 'ì„œìš¸' to Dong-level keywords...
2026-01-23 11:20:12,765 - INFO - ğŸ“‚ Total sub-keywords to crawl: 295
2026-01-23 11:20:32,100 - INFO - ğŸŒ Using Playwright bundled browser
2026-01-23 11:20:35,581 - INFO - ğŸ­ Using User-Agent: Mozilla/5.0 (Macintosh; Intel Mac OS X 10_15_7) AppleWebKit/537.36 (KHTML, like Gecko) Chrome/91.0.4472.124 Safari/537.36
2026-01-23 11:20:37,104 - INFO - ğŸ•µï¸ Activating Playwright Stealth Mode...
2026-01-23 11:20:39,223 - INFO - ğŸ” Searching: ì„œìš¸ ê°•ë‚¨êµ¬ ê°œí¬ë™ í”¼ë¶€ê´€ë¦¬ìƒµ
2026-01-23 11:20:54,325 - INFO - ğŸ—ºï¸ Map view detected via 'a:has-text('ëª©ë¡ë³´ê¸°')'. Switching to list view...
2026-01-23 11:21:01,685 - INFO - ğŸ–±ï¸ Scrolling to load all items...
2026-01-23 11:21:03,552 - INFO -   .. scrolled 0 times
2026-01-23 11:21:17,059 - INFO - âœ… Found list using selector: li.VLTHu
2026-01-23 11:21:17,059 - INFO - ğŸ” Found 100 potential shops. Starting detail extraction...
2026-01-23 11:21:24,784 - INFO - ğŸ“ Scheduled 10 shops for detail extraction.
2026-01-23 11:21:24,784 - INFO - ğŸ” Visiting detail page: Shop_1762549112
2026-01-23 11:21:34,634 - INFO - Firebase Firestore initialized successfully
2026-01-23 11:21:42,601 - INFO - Successfully saved shop to Firebase: ë”í•˜ë…¸ì´í’‹ì•¤ë°”ë”” ê°œí¬ì 
2026-01-23 11:21:42,602 - INFO - âœ… Firebase Saved: ë”í•˜ë…¸ì´í’‹ì•¤ë°”ë”” ê°œí¬ì 
Progress: 1/10
2026-01-23 11:21:42,602 - INFO - âœ… Saved (1/10): ë”í•˜ë…¸ì´í’‹ì•¤ë°”ë”” ê°œí¬ì 
2026-01-23 11:21:42,602 - INFO - â³ Waiting 65.0s before next shop...
2026-01-23 11:22:47,587 - INFO - ğŸ” Visiting detail page: ì´ë¯¸ì§€ìˆ˜8
2026-01-23 11:22:58,710 - INFO - Firebase Firestore initialized successfully
2026-01-23 11:23:00,819 - INFO - Successfully saved shop to Firebase: íœ´íë§
2026-01-23 11:23:00,819 - INFO - âœ… Firebase Saved: íœ´íë§
Progress: 2/10
2026-01-23 11:23:00,820 - INFO - âœ… Saved (2/10): íœ´íë§
2026-01-23 11:23:00,820 - INFO - â³ Waiting 44.0s before next shop...
2026-01-23 11:23:44,835 - INFO - ğŸ” Visiting detail page: ì´ë¯¸ì§€ìˆ˜33
2026-01-23 11:23:51,113 - INFO - Firebase Firestore initialized successfully
2026-01-23 11:23:51,400 - INFO - Successfully saved shop to Firebase: ë”í’‹ìƒµë§ˆì‚¬ì§€ ê°œí¬í¬ì´ì 
2026-01-23 11:23:51,400 - INFO - âœ… Firebase Saved: ë”í’‹ìƒµë§ˆì‚¬ì§€ ê°œí¬í¬ì´ì 
Progress: 3/10
2026-01-23 11:23:51,400 - INFO - âœ… Saved (3/10): ë”í’‹ìƒµë§ˆì‚¬ì§€ ê°œí¬í¬ì´ì 
2026-01-23 11:23:51,400 - INFO - â³ Waiting 45.3s before next shop...
2026-01-23 11:24:36,673 - INFO - ğŸ” Visiting detail page: ì´ë¯¸ì§€ìˆ˜13
2026-01-23 11:24:43,683 - INFO - Firebase Firestore initialized successfully
2026-01-23 11:24:43,811 - INFO - Successfully saved shop to Firebase: ë”í’‹ìƒµë§ˆì‚¬ì§€ ê°œí¬ì•„ì´íŒŒí¬ì 
2026-01-23 11:24:43,811 - INFO - âœ… Firebase Saved: ë”í’‹ìƒµë§ˆì‚¬ì§€ ê°œí¬ì•„ì´íŒŒí¬ì 
Progress: 4/10
2026-01-23 11:24:43,811 - INFO - âœ… Saved (4/10): ë”í’‹ìƒµë§ˆì‚¬ì§€ ê°œí¬ì•„ì´íŒŒí¬ì 
2026-01-23 11:24:43,811 - INFO - â³ Waiting 28.3s before next shop...
2026-01-23 11:25:12,096 - INFO - ğŸ” Visiting detail page: ì´ë¯¸ì§€ìˆ˜26
2026-01-23 11:25:17,448 - INFO - Firebase Firestore initialized successfully
2026-01-23 11:25:17,565 - INFO - Successfully saved shop to Firebase: ë”í•˜ë…¸ì´í’‹ì•¤ë°”ë”” ê°œí¬ëŒ€ëª¨ì‚°ì…êµ¬ì—­ì 
2026-01-23 11:25:17,565 - INFO - âœ… Firebase Saved: ë”í•˜ë…¸ì´í’‹ì•¤ë°”ë”” ê°œí¬ëŒ€ëª¨ì‚°ì…êµ¬ì—­ì 
Progress: 5/10
2026-01-23 11:25:17,566 - INFO - âœ… Saved (5/10): ë”í•˜ë…¸ì´í’‹ì•¤ë°”ë”” ê°œí¬ëŒ€ëª¨ì‚°ì…êµ¬ì—­ì 
2026-01-23 11:25:17,566 - INFO - â³ Waiting 39.9s before next shop...
2026-01-23 11:25:57,518 - INFO - ğŸ” Visiting detail page: ì´ë¯¸ì§€ìˆ˜5
2026-01-23 11:26:04,814 - INFO - Firebase Firestore initialized successfully
2026-01-23 11:26:04,932 - INFO - Successfully saved shop to Firebase: THEë‚˜ì˜ì—ìŠ¤í…Œë¼
2026-01-23 11:26:04,932 - INFO - âœ… Firebase Saved: THEë‚˜ì˜ì—ìŠ¤í…Œë¼
Progress: 6/10
2026-01-23 11:26:04,932 - INFO - âœ… Saved (6/10): THEë‚˜ì˜ì—ìŠ¤í…Œë¼
2026-01-23 11:26:04,932 - INFO - â³ Waiting 69.8s before next shop...
2026-01-23 11:27:14,701 - INFO - ğŸ” Visiting detail page: ì´ë¯¸ì§€ìˆ˜4
2026-01-23 11:27:22,411 - INFO - Firebase Firestore initialized successfully
2026-01-23 11:27:22,529 - INFO - Successfully saved shop to Firebase: ì˜¤ì¦ë¦¬ ë‚´ëª¸ì—°êµ¬ì†Œ
2026-01-23 11:27:22,529 - INFO - âœ… Firebase Saved: ì˜¤ì¦ë¦¬ ë‚´ëª¸ì—°êµ¬ì†Œ
Progress: 7/10
2026-01-23 11:27:22,529 - INFO - âœ… Saved (7/10): ì˜¤ì¦ë¦¬ ë‚´ëª¸ì—°êµ¬ì†Œ
2026-01-23 11:27:22,529 - INFO - â³ Waiting 26.8s before next shop...
2026-01-23 11:27:49,382 - INFO - ğŸ” Visiting detail page: ì´ë¯¸ì§€ìˆ˜13
2026-01-23 11:27:56,439 - INFO - Firebase Firestore initialized successfully
2026-01-23 11:27:56,574 - INFO - Successfully saved shop to Firebase: ì˜¬ê°€ë“œë¦¼ë·°í‹° ê°œí¬ì 
2026-01-23 11:27:56,575 - INFO - âœ… Firebase Saved: ì˜¬ê°€ë“œë¦¼ë·°í‹° ê°œí¬ì 
Progress: 8/10
2026-01-23 11:27:56,576 - INFO - âœ… Saved (8/10): ì˜¬ê°€ë“œë¦¼ë·°í‹° ê°œí¬ì 
2026-01-23 11:27:56,576 - INFO - â³ Waiting 67.1s before next shop...
2026-01-23 11:29:03,648 - INFO - ğŸ” Visiting detail page: ì´ë¯¸ì§€ìˆ˜12
2026-01-23 11:29:11,329 - INFO - Firebase Firestore initialized successfully
2026-01-23 11:29:11,447 - INFO - Successfully saved shop to Firebase: í”¼ë¶€ë°”ë”” í…Œë¼í”¼ì •
2026-01-23 11:29:11,447 - INFO - âœ… Firebase Saved: í”¼ë¶€ë°”ë”” í…Œë¼í”¼ì •
Progress: 9/10
2026-01-23 11:29:11,447 - INFO - âœ… Saved (9/10): í”¼ë¶€ë°”ë”” í…Œë¼í”¼ì •
2026-01-23 11:29:11,447 - INFO - â³ Waiting 49.2s before next shop...
2026-01-23 11:30:00,699 - INFO - ğŸ” Visiting detail page: ì´ë¯¸ì§€ìˆ˜37
2026-01-23 11:30:07,169 - INFO - Firebase Firestore initialized successfully
2026-01-23 11:30:07,283 - INFO - Successfully saved shop to Firebase: ì€í•˜ìŠ¤í‚¨ì•¤ë°”ë””
2026-01-23 11:30:07,283 - INFO - âœ… Firebase Saved: ì€í•˜ìŠ¤í‚¨ì•¤ë°”ë””
Progress: 10/10
2026-01-23 11:30:07,283 - INFO - âœ… Saved (10/10): ì€í•˜ìŠ¤í‚¨ì•¤ë°”ë””
2026-01-23 11:30:07,283 - INFO - â³ Waiting 66.5s before next shop...
2026-01-23 11:31:14,584 - INFO - âœ… Finished. Total saved: 10
Progress: Finalizing...
2026-01-23 11:31:14,633 - INFO - ğŸ¯ Crawling complete. Starting automatic competitor extraction...
2026-01-23 11:31:14,680 - INFO - ğŸš€ Starting Competitor Extraction (Target subset: ALL)...
2026-01-23 11:31:14,681 - INFO - Firebase Firestore initialized successfully
2026-01-23 11:31:14,899 - INFO - ğŸ“Š Total reference shops loaded: 121
2026-01-23 11:31:15,966 - INFO - âœ… Processed 10/121 shops...
2026-01-23 11:31:16,866 - INFO - âœ… Processed 20/121 shops...
2026-01-23 11:31:17,742 - INFO - âœ… Processed 30/121 shops...
2026-01-23 11:31:18,617 - INFO - âœ… Processed 40/121 shops...
2026-01-23 11:31:19,494 - INFO - âœ… Processed 50/121 shops...
2026-01-23 11:31:20,437 - INFO - âœ… Processed 60/121 shops...
2026-01-23 11:31:21,299 - INFO - âœ… Processed 70/121 shops...
2026-01-23 11:31:22,196 - INFO - âœ… Processed 80/121 shops...
2026-01-23 11:31:23,114 - INFO - âœ… Processed 90/121 shops...
2026-01-23 11:31:23,970 - INFO - âœ… Processed 100/121 shops...
2026-01-23 11:31:24,833 - INFO - âœ… Processed 110/121 shops...
2026-01-23 11:31:25,695 - INFO - âœ… Processed 120/121 shops...
2026-01-23 11:31:25,781 - INFO - ğŸ‰ Competitor extraction finished. Total 121 shops updated.
2026-01-23 11:31:25,782 - INFO - âœ… All tasks (Crawl + Competitor Analysis) finished successfully!
